29-Nov-2017 00:01:49.587 INFO [http-nio-8080-exec-187] org.apache.catalina.core.StandardContext.reload Reloading Context with name [/Tecnopotify] has started
29-Nov-2017 00:01:55.851 INFO [http-nio-8080-exec-187] org.apache.catalina.core.StandardContext.reload Reloading Context with name [/Tecnopotify] is completed
29-Nov-2017 00:02:06.707 INFO [http-nio-8080-exec-203] org.apache.catalina.core.StandardContext.reload Reloading Context with name [/Tecnopotify] has started
29-Nov-2017 00:02:09.067 INFO [http-nio-8080-exec-203] org.apache.catalina.core.StandardContext.reload Reloading Context with name [/Tecnopotify] is completed
29-Nov-2017 00:03:57.897 INFO [http-nio-8080-exec-188] org.apache.catalina.core.StandardContext.reload Reloading Context with name [/Tecnopotify] has started
29-Nov-2017 00:04:00.830 INFO [http-nio-8080-exec-188] org.apache.catalina.core.StandardContext.reload Reloading Context with name [/Tecnopotify] is completed
29-Nov-2017 00:04:01.465 INFO [http-nio-8080-exec-202] org.apache.catalina.core.StandardContext.reload Reloading Context with name [/Tecnopotify] has started
29-Nov-2017 00:04:04.048 INFO [http-nio-8080-exec-202] org.apache.catalina.core.StandardContext.reload Reloading Context with name [/Tecnopotify] is completed
29-Nov-2017 00:06:24.591 INFO [http-nio-8080-exec-221] org.apache.catalina.core.StandardContext.reload Reloading Context with name [/Tecnopotify] has started
29-Nov-2017 00:06:28.365 INFO [http-nio-8080-exec-221] org.apache.catalina.core.StandardContext.reload Reloading Context with name [/Tecnopotify] is completed
29-Nov-2017 00:06:45.272 INFO [http-nio-8080-exec-217] org.apache.catalina.core.StandardContext.reload Reloading Context with name [/Tecnopotify] has started
29-Nov-2017 00:06:48.607 INFO [http-nio-8080-exec-217] org.apache.catalina.core.StandardContext.reload Reloading Context with name [/Tecnopotify] is completed
29-Nov-2017 00:13:06.565 INFO [http-nio-8080-exec-233] org.apache.catalina.core.StandardContext.reload Reloading Context with name [/Tecnopotify] has started
29-Nov-2017 00:13:15.814 INFO [http-nio-8080-exec-233] org.apache.catalina.core.StandardContext.reload Reloading Context with name [/Tecnopotify] is completed
29-Nov-2017 00:13:16.925 INFO [http-nio-8080-exec-232] org.apache.catalina.core.StandardContext.reload Reloading Context with name [/Tecnopotify] has started
29-Nov-2017 00:13:21.974 INFO [http-nio-8080-exec-232] org.apache.catalina.core.StandardContext.reload Reloading Context with name [/Tecnopotify] is completed
29-Nov-2017 00:18:51.224 INFO [http-nio-8080-exec-244] org.apache.catalina.core.StandardContext.reload Reloading Context with name [/Tecnopotify] has started
29-Nov-2017 00:18:55.534 INFO [http-nio-8080-exec-244] org.apache.catalina.core.StandardContext.reload Reloading Context with name [/Tecnopotify] is completed
29-Nov-2017 00:18:56.330 INFO [http-nio-8080-exec-229] org.apache.catalina.core.StandardContext.reload Reloading Context with name [/Tecnopotify] has started
29-Nov-2017 00:19:00.292 INFO [414] org.apache.catalina.core.StandardContext.reload Reloading Context with name [/Tecnopotify] is completed
29-Nov-2017 00:30:11.869 INFO [http-nio-8080-exec-254] org.apache.catalina.core.StandardContext.reload Reloading Context with name [/Tecnopotify] has started
29-Nov-2017 00:30:15.707 INFO [http-nio-8080-exec-254] org.apache.catalina.core.StandardContext.reload Reloading Context with name [/Tecnopotify] is completed
29-Nov-2017 00:30:19.604 INFO [http-nio-8080-exec-247] org.apache.catalina.core.StandardContext.reload Reloading Context with name [/Tecnopotify] has started
29-Nov-2017 00:30:25.330 INFO [http-nio-8080-exec-247] org.apache.catalina.core.StandardContext.reload Reloading Context with name [/Tecnopotify] is completed
29-Nov-2017 00:36:06.391 INFO [http-nio-8080-exec-267] org.apache.catalina.core.StandardContext.reload Reloading Context with name [/Tecnopotify] has started
29-Nov-2017 00:36:09.390 INFO [http-nio-8080-exec-267] org.apache.catalina.core.StandardContext.reload Reloading Context with name [/Tecnopotify] is completed
29-Nov-2017 00:36:13.327 INFO [http-nio-8080-exec-256] org.apache.catalina.core.StandardContext.reload Reloading Context with name [/Tecnopotify] has started
29-Nov-2017 00:36:17.268 INFO [http-nio-8080-exec-256] org.apache.catalina.core.StandardContext.reload Reloading Context with name [/Tecnopotify] is completed
29-Nov-2017 00:38:03.240 INFO [http-nio-8080-exec-264] org.apache.catalina.core.StandardContext.reload Reloading Context with name [/Tecnopotify] has started
29-Nov-2017 00:38:07.021 INFO [http-nio-8080-exec-264] org.apache.catalina.core.StandardContext.reload Reloading Context with name [/Tecnopotify] is completed
29-Nov-2017 00:40:40.890 INFO [http-nio-8080-exec-275] org.apache.catalina.core.StandardContext.reload Reloading Context with name [/Tecnopotify] has started
29-Nov-2017 00:40:44.297 INFO [http-nio-8080-exec-275] org.apache.catalina.core.StandardContext.reload Reloading Context with name [/Tecnopotify] is completed
29-Nov-2017 00:54:07.005 INFO [http-nio-8080-exec-292] org.apache.catalina.core.StandardContext.reload Reloading Context with name [/Tecnopotify] has started
29-Nov-2017 00:54:10.223 INFO [http-nio-8080-exec-292] org.apache.catalina.core.StandardContext.reload Reloading Context with name [/Tecnopotify] is completed
29-Nov-2017 00:54:10.901 INFO [http-nio-8080-exec-283] org.apache.catalina.core.StandardContext.reload Reloading Context with name [/Tecnopotify] has started
29-Nov-2017 00:54:13.967 INFO [http-nio-8080-exec-283] org.apache.catalina.core.StandardContext.reload Reloading Context with name [/Tecnopotify] is completed
29-Nov-2017 00:56:33.631 INFO [http-nio-8080-exec-290] org.apache.catalina.core.StandardContext.reload Reloading Context with name [/Tecnopotify] has started
29-Nov-2017 00:56:37.126 INFO [http-nio-8080-exec-290] org.apache.catalina.core.StandardContext.reload Reloading Context with name [/Tecnopotify] is completed
29-Nov-2017 01:06:51.500 INFO [http-nio-8080-exec-306] org.apache.catalina.core.StandardContext.reload Reloading Context with name [/Tecnopotify] has started
29-Nov-2017 01:06:59.319 INFO [http-nio-8080-exec-306] org.apache.catalina.core.StandardContext.reload Reloading Context with name [/Tecnopotify] is completed
29-Nov-2017 01:07:02.501 INFO [http-nio-8080-exec-313] org.apache.catalina.core.StandardContext.reload Reloading Context with name [/Tecnopotify] has started
29-Nov-2017 01:07:04.916 INFO [http-nio-8080-exec-313] org.apache.catalina.core.StandardContext.reload Reloading Context with name [/Tecnopotify] is completed
29-Nov-2017 01:24:04.660 INFO [http-nio-8080-exec-318] org.apache.catalina.core.StandardContext.reload Reloading Context with name [/Tecnopotify] has started
29-Nov-2017 01:24:10.864 INFO [http-nio-8080-exec-318] org.apache.catalina.core.StandardContext.reload Reloading Context with name [/Tecnopotify] is completed
29-Nov-2017 01:28:19.006 INFO [http-nio-8080-exec-325] org.apache.catalina.core.StandardContext.reload Reloading Context with name [/Tecnopotify] has started
29-Nov-2017 01:28:22.310 INFO [http-nio-8080-exec-325] org.apache.catalina.core.StandardContext.reload Reloading Context with name [/Tecnopotify] is completed
29-Nov-2017 01:30:19.312 INFO [main] org.apache.catalina.core.StandardServer.await A valid shutdown command was received via the shutdown port. Stopping the Server instance.
29-Nov-2017 01:30:19.312 INFO [main] org.apache.coyote.AbstractProtocol.pause Pausing ProtocolHandler ["http-nio-8080"]
29-Nov-2017 01:30:19.363 INFO [main] org.apache.coyote.AbstractProtocol.pause Pausing ProtocolHandler ["ajp-nio-8009"]
29-Nov-2017 01:30:19.414 INFO [main] org.apache.catalina.core.StandardService.stopInternal Stopping service Catalina
29-Nov-2017 01:30:19.688 INFO [main] org.apache.coyote.AbstractProtocol.stop Stopping ProtocolHandler ["http-nio-8080"]
29-Nov-2017 01:30:19.737 INFO [main] org.apache.coyote.AbstractProtocol.stop Stopping ProtocolHandler ["ajp-nio-8009"]
29-Nov-2017 01:30:19.798 INFO [main] org.apache.coyote.AbstractProtocol.destroy Destroying ProtocolHandler ["http-nio-8080"]
29-Nov-2017 01:30:19.800 INFO [main] org.apache.coyote.AbstractProtocol.destroy Destroying ProtocolHandler ["ajp-nio-8009"]
29-Nov-2017 08:32:44.575 INFO [main] org.apache.catalina.startup.VersionLoggerListener.log Server version:        Apache Tomcat/8.0.46
29-Nov-2017 08:32:44.580 INFO [main] org.apache.catalina.startup.VersionLoggerListener.log Server built:          Aug 10 2017 10:10:31 UTC
29-Nov-2017 08:32:44.580 INFO [main] org.apache.catalina.startup.VersionLoggerListener.log Server number:         8.0.46.0
29-Nov-2017 08:32:44.580 INFO [main] org.apache.catalina.startup.VersionLoggerListener.log OS Name:               Linux
29-Nov-2017 08:32:44.580 INFO [main] org.apache.catalina.startup.VersionLoggerListener.log OS Version:            4.4.92-31-default
29-Nov-2017 08:32:44.581 INFO [main] org.apache.catalina.startup.VersionLoggerListener.log Architecture:          amd64
29-Nov-2017 08:32:44.581 INFO [main] org.apache.catalina.startup.VersionLoggerListener.log Java Home:             /usr/java/jdk1.8.0_152/jre
29-Nov-2017 08:32:44.581 INFO [main] org.apache.catalina.startup.VersionLoggerListener.log JVM Version:           1.8.0_152-b16
29-Nov-2017 08:32:44.581 INFO [main] org.apache.catalina.startup.VersionLoggerListener.log JVM Vendor:            Oracle Corporation
29-Nov-2017 08:32:44.581 INFO [main] org.apache.catalina.startup.VersionLoggerListener.log CATALINA_BASE:         /home/diego/NetBeansProjects/PAP-VALE/apache-tomcat-8.0.46
29-Nov-2017 08:32:44.581 INFO [main] org.apache.catalina.startup.VersionLoggerListener.log CATALINA_HOME:         /home/diego/NetBeansProjects/PAP-VALE/apache-tomcat-8.0.46
29-Nov-2017 08:32:44.582 INFO [main] org.apache.catalina.startup.VersionLoggerListener.log Command line argument: -Djava.util.logging.config.file=/home/diego/NetBeansProjects/PAP-VALE/apache-tomcat-8.0.46/conf/logging.properties
29-Nov-2017 08:32:44.582 INFO [main] org.apache.catalina.startup.VersionLoggerListener.log Command line argument: -Djava.util.logging.manager=org.apache.juli.ClassLoaderLogManager
29-Nov-2017 08:32:44.583 INFO [main] org.apache.catalina.startup.VersionLoggerListener.log Command line argument: -Dhttp.nonProxyHosts=localhost|127.0.0.1
29-Nov-2017 08:32:44.583 INFO [main] org.apache.catalina.startup.VersionLoggerListener.log Command line argument: -Djdk.tls.ephemeralDHKeySize=2048
29-Nov-2017 08:32:44.583 INFO [main] org.apache.catalina.startup.VersionLoggerListener.log Command line argument: -Djava.protocol.handler.pkgs=org.apache.catalina.webresources
29-Nov-2017 08:32:44.583 INFO [main] org.apache.catalina.startup.VersionLoggerListener.log Command line argument: -Djava.endorsed.dirs=/home/diego/NetBeansProjects/PAP-VALE/apache-tomcat-8.0.46/endorsed
29-Nov-2017 08:32:44.583 INFO [main] org.apache.catalina.startup.VersionLoggerListener.log Command line argument: -Dcatalina.base=/home/diego/NetBeansProjects/PAP-VALE/apache-tomcat-8.0.46
29-Nov-2017 08:32:44.584 INFO [main] org.apache.catalina.startup.VersionLoggerListener.log Command line argument: -Dcatalina.home=/home/diego/NetBeansProjects/PAP-VALE/apache-tomcat-8.0.46
29-Nov-2017 08:32:44.584 INFO [main] org.apache.catalina.startup.VersionLoggerListener.log Command line argument: -Djava.io.tmpdir=/home/diego/NetBeansProjects/PAP-VALE/apache-tomcat-8.0.46/temp
29-Nov-2017 08:32:44.584 INFO [main] org.apache.catalina.core.AprLifecycleListener.lifecycleEvent The APR based Apache Tomcat Native library which allows optimal performance in production environments was not found on the java.library.path: /usr/java/jdk1.8.0_152/jre/lib/amd64:/usr/java/jdk1.8.0_152/jre/lib/i386::/usr/java/packages/lib/amd64:/usr/lib64:/lib64:/lib:/usr/lib
29-Nov-2017 08:32:45.108 INFO [main] org.apache.coyote.AbstractProtocol.init Initializing ProtocolHandler ["http-nio-8080"]
29-Nov-2017 08:32:45.188 INFO [main] org.apache.tomcat.util.net.NioSelectorPool.getSharedSelector Using a shared selector for servlet write/read
29-Nov-2017 08:32:45.193 INFO [main] org.apache.coyote.AbstractProtocol.init Initializing ProtocolHandler ["ajp-nio-8009"]
29-Nov-2017 08:32:45.196 INFO [main] org.apache.tomcat.util.net.NioSelectorPool.getSharedSelector Using a shared selector for servlet write/read
29-Nov-2017 08:32:45.198 INFO [main] org.apache.catalina.startup.Catalina.load Initialization processed in 3183 ms
29-Nov-2017 08:32:45.340 INFO [main] org.apache.catalina.core.StandardService.startInternal Starting service Catalina
29-Nov-2017 08:32:45.340 INFO [main] org.apache.catalina.core.StandardEngine.startInternal Starting Servlet Engine: Apache Tomcat/8.0.46
29-Nov-2017 08:32:45.362 INFO [localhost-startStop-1] org.apache.catalina.startup.HostConfig.deployDescriptor Deploying configuration descriptor /home/diego/NetBeansProjects/PAP-VALE/apache-tomcat-8.0.46/conf/Catalina/localhost/AplicacionWebPrueba.xml
29-Nov-2017 08:32:45.627 SEVERE [localhost-startStop-1] org.apache.catalina.core.ContainerBase.addChildInternal ContainerBase.addChild: start: 
 org.apache.catalina.LifecycleException: Failed to start component [StandardEngine[Catalina].StandardHost[localhost].StandardContext[/AplicacionWebPrueba]]
	at org.apache.catalina.util.LifecycleBase.start(LifecycleBase.java:162)
	at org.apache.catalina.core.ContainerBase.addChildInternal(ContainerBase.java:753)
	at org.apache.catalina.core.ContainerBase.addChild(ContainerBase.java:729)
	at org.apache.catalina.core.StandardHost.addChild(StandardHost.java:717)
	at org.apache.catalina.startup.HostConfig.deployDescriptor(HostConfig.java:621)
	at org.apache.catalina.startup.HostConfig$DeployDescriptor.run(HostConfig.java:1835)
	at java.util.concurrent.Executors$RunnableAdapter.call(Executors.java:511)
	at java.util.concurrent.FutureTask.run(FutureTask.java:266)
	at java.util.concurrent.ThreadPoolExecutor.runWorker(ThreadPoolExecutor.java:1149)
	at java.util.concurrent.ThreadPoolExecutor$Worker.run(ThreadPoolExecutor.java:624)
	at java.lang.Thread.run(Thread.java:748)
Caused by: org.apache.catalina.LifecycleException: Failed to start component [org.apache.catalina.webresources.StandardRoot@4ca0de90]
	at org.apache.catalina.util.LifecycleBase.start(LifecycleBase.java:162)
	at org.apache.catalina.core.StandardContext.resourcesStart(StandardContext.java:4969)
	at org.apache.catalina.core.StandardContext.startInternal(StandardContext.java:5099)
	at org.apache.catalina.util.LifecycleBase.start(LifecycleBase.java:145)
	... 10 more
Caused by: java.lang.IllegalArgumentException: The main resource set specified [/home/diego-lucia/Documentos/AplicacionWebPrueba/build/web] is not valid
	at org.apache.catalina.webresources.StandardRoot.createMainResourceSet(StandardRoot.java:743)
	at org.apache.catalina.webresources.StandardRoot.startInternal(StandardRoot.java:701)
	at org.apache.catalina.util.LifecycleBase.start(LifecycleBase.java:145)
	... 13 more

29-Nov-2017 08:32:45.629 SEVERE [localhost-startStop-1] org.apache.catalina.startup.HostConfig.deployDescriptor Error deploying configuration descriptor /home/diego/NetBeansProjects/PAP-VALE/apache-tomcat-8.0.46/conf/Catalina/localhost/AplicacionWebPrueba.xml
 java.lang.IllegalStateException: ContainerBase.addChild: start: org.apache.catalina.LifecycleException: Failed to start component [StandardEngine[Catalina].StandardHost[localhost].StandardContext[/AplicacionWebPrueba]]
	at org.apache.catalina.core.ContainerBase.addChildInternal(ContainerBase.java:757)
	at org.apache.catalina.core.ContainerBase.addChild(ContainerBase.java:729)
	at org.apache.catalina.core.StandardHost.addChild(StandardHost.java:717)
	at org.apache.catalina.startup.HostConfig.deployDescriptor(HostConfig.java:621)
	at org.apache.catalina.startup.HostConfig$DeployDescriptor.run(HostConfig.java:1835)
	at java.util.concurrent.Executors$RunnableAdapter.call(Executors.java:511)
	at java.util.concurrent.FutureTask.run(FutureTask.java:266)
	at java.util.concurrent.ThreadPoolExecutor.runWorker(ThreadPoolExecutor.java:1149)
	at java.util.concurrent.ThreadPoolExecutor$Worker.run(ThreadPoolExecutor.java:624)
	at java.lang.Thread.run(Thread.java:748)

29-Nov-2017 08:32:45.631 INFO [localhost-startStop-1] org.apache.catalina.startup.HostConfig.deployDescriptor Deployment of configuration descriptor /home/diego/NetBeansProjects/PAP-VALE/apache-tomcat-8.0.46/conf/Catalina/localhost/AplicacionWebPrueba.xml has finished in 269 ms
29-Nov-2017 08:32:45.631 INFO [localhost-startStop-1] org.apache.catalina.startup.HostConfig.deployDescriptor Deploying configuration descriptor /home/diego/NetBeansProjects/PAP-VALE/apache-tomcat-8.0.46/conf/Catalina/localhost/WebApplicationPrueba.xml
29-Nov-2017 08:32:45.654 SEVERE [localhost-startStop-1] org.apache.catalina.core.ContainerBase.addChildInternal ContainerBase.addChild: start: 
 org.apache.catalina.LifecycleException: Failed to start component [StandardEngine[Catalina].StandardHost[localhost].StandardContext[/WebApplicationPrueba]]
	at org.apache.catalina.util.LifecycleBase.start(LifecycleBase.java:162)
	at org.apache.catalina.core.ContainerBase.addChildInternal(ContainerBase.java:753)
	at org.apache.catalina.core.ContainerBase.addChild(ContainerBase.java:729)
	at org.apache.catalina.core.StandardHost.addChild(StandardHost.java:717)
	at org.apache.catalina.startup.HostConfig.deployDescriptor(HostConfig.java:621)
	at org.apache.catalina.startup.HostConfig$DeployDescriptor.run(HostConfig.java:1835)
	at java.util.concurrent.Executors$RunnableAdapter.call(Executors.java:511)
	at java.util.concurrent.FutureTask.run(FutureTask.java:266)
	at java.util.concurrent.ThreadPoolExecutor.runWorker(ThreadPoolExecutor.java:1149)
	at java.util.concurrent.ThreadPoolExecutor$Worker.run(ThreadPoolExecutor.java:624)
	at java.lang.Thread.run(Thread.java:748)
Caused by: org.apache.catalina.LifecycleException: Failed to start component [org.apache.catalina.webresources.StandardRoot@3349d7a9]
	at org.apache.catalina.util.LifecycleBase.start(LifecycleBase.java:162)
	at org.apache.catalina.core.StandardContext.resourcesStart(StandardContext.java:4969)
	at org.apache.catalina.core.StandardContext.startInternal(StandardContext.java:5099)
	at org.apache.catalina.util.LifecycleBase.start(LifecycleBase.java:145)
	... 10 more
Caused by: java.lang.IllegalArgumentException: The main resource set specified [/home/diego-lucia/Escritorio/WebApplicationPrueba/build/web] is not valid
	at org.apache.catalina.webresources.StandardRoot.createMainResourceSet(StandardRoot.java:743)
	at org.apache.catalina.webresources.StandardRoot.startInternal(StandardRoot.java:701)
	at org.apache.catalina.util.LifecycleBase.start(LifecycleBase.java:145)
	... 13 more

29-Nov-2017 08:32:45.657 SEVERE [localhost-startStop-1] org.apache.catalina.startup.HostConfig.deployDescriptor Error deploying configuration descriptor /home/diego/NetBeansProjects/PAP-VALE/apache-tomcat-8.0.46/conf/Catalina/localhost/WebApplicationPrueba.xml
 java.lang.IllegalStateException: ContainerBase.addChild: start: org.apache.catalina.LifecycleException: Failed to start component [StandardEngine[Catalina].StandardHost[localhost].StandardContext[/WebApplicationPrueba]]
	at org.apache.catalina.core.ContainerBase.addChildInternal(ContainerBase.java:757)
	at org.apache.catalina.core.ContainerBase.addChild(ContainerBase.java:729)
	at org.apache.catalina.core.StandardHost.addChild(StandardHost.java:717)
	at org.apache.catalina.startup.HostConfig.deployDescriptor(HostConfig.java:621)
	at org.apache.catalina.startup.HostConfig$DeployDescriptor.run(HostConfig.java:1835)
	at java.util.concurrent.Executors$RunnableAdapter.call(Executors.java:511)
	at java.util.concurrent.FutureTask.run(FutureTask.java:266)
	at java.util.concurrent.ThreadPoolExecutor.runWorker(ThreadPoolExecutor.java:1149)
	at java.util.concurrent.ThreadPoolExecutor$Worker.run(ThreadPoolExecutor.java:624)
	at java.lang.Thread.run(Thread.java:748)

29-Nov-2017 08:32:45.657 INFO [localhost-startStop-1] org.apache.catalina.startup.HostConfig.deployDescriptor Deployment of configuration descriptor /home/diego/NetBeansProjects/PAP-VALE/apache-tomcat-8.0.46/conf/Catalina/localhost/WebApplicationPrueba.xml has finished in 26 ms
29-Nov-2017 08:32:45.658 INFO [localhost-startStop-1] org.apache.catalina.startup.HostConfig.deployDescriptor Deploying configuration descriptor /home/diego/NetBeansProjects/PAP-VALE/apache-tomcat-8.0.46/conf/Catalina/localhost/Tecnopotify.xml
29-Nov-2017 08:32:52.960 INFO [localhost-startStop-1] org.apache.jasper.servlet.TldScanner.scanJars At least one JAR was scanned for TLDs yet contained no TLDs. Enable debug logging for this logger for a complete list of JARs that were scanned but no TLDs were found in them. Skipping unneeded JARs during scanning can improve startup time and JSP compilation time.
29-Nov-2017 08:32:53.540 INFO [localhost-startStop-1] org.apache.catalina.startup.HostConfig.deployDescriptor Deployment of configuration descriptor /home/diego/NetBeansProjects/PAP-VALE/apache-tomcat-8.0.46/conf/Catalina/localhost/Tecnopotify.xml has finished in 7,882 ms
29-Nov-2017 08:32:53.542 INFO [localhost-startStop-1] org.apache.catalina.startup.HostConfig.deployDirectory Deploying web application directory /home/diego/NetBeansProjects/PAP-VALE/apache-tomcat-8.0.46/webapps/ROOT
29-Nov-2017 08:32:53.635 INFO [localhost-startStop-1] org.apache.catalina.startup.HostConfig.deployDirectory Deployment of web application directory /home/diego/NetBeansProjects/PAP-VALE/apache-tomcat-8.0.46/webapps/ROOT has finished in 93 ms
29-Nov-2017 08:32:53.637 INFO [localhost-startStop-1] org.apache.catalina.startup.HostConfig.deployDirectory Deploying web application directory /home/diego/NetBeansProjects/PAP-VALE/apache-tomcat-8.0.46/webapps/docs
29-Nov-2017 08:32:53.729 INFO [localhost-startStop-1] org.apache.catalina.startup.HostConfig.deployDirectory Deployment of web application directory /home/diego/NetBeansProjects/PAP-VALE/apache-tomcat-8.0.46/webapps/docs has finished in 92 ms
29-Nov-2017 08:32:53.738 INFO [localhost-startStop-1] org.apache.catalina.startup.HostConfig.deployDirectory Deploying web application directory /home/diego/NetBeansProjects/PAP-VALE/apache-tomcat-8.0.46/webapps/examples
29-Nov-2017 08:32:54.637 INFO [localhost-startStop-1] org.apache.catalina.startup.HostConfig.deployDirectory Deployment of web application directory /home/diego/NetBeansProjects/PAP-VALE/apache-tomcat-8.0.46/webapps/examples has finished in 898 ms
29-Nov-2017 08:32:54.638 INFO [localhost-startStop-1] org.apache.catalina.startup.HostConfig.deployDirectory Deploying web application directory /home/diego/NetBeansProjects/PAP-VALE/apache-tomcat-8.0.46/webapps/host-manager
29-Nov-2017 08:32:54.767 INFO [localhost-startStop-1] org.apache.catalina.startup.HostConfig.deployDirectory Deployment of web application directory /home/diego/NetBeansProjects/PAP-VALE/apache-tomcat-8.0.46/webapps/host-manager has finished in 129 ms
29-Nov-2017 08:32:54.769 INFO [localhost-startStop-1] org.apache.catalina.startup.HostConfig.deployDirectory Deploying web application directory /home/diego/NetBeansProjects/PAP-VALE/apache-tomcat-8.0.46/webapps/manager
29-Nov-2017 08:32:54.862 INFO [localhost-startStop-1] org.apache.catalina.startup.HostConfig.deployDirectory Deployment of web application directory /home/diego/NetBeansProjects/PAP-VALE/apache-tomcat-8.0.46/webapps/manager has finished in 92 ms
29-Nov-2017 08:32:54.887 INFO [main] org.apache.coyote.AbstractProtocol.start Starting ProtocolHandler ["http-nio-8080"]
29-Nov-2017 08:32:55.086 INFO [main] org.apache.coyote.AbstractProtocol.start Starting ProtocolHandler ["ajp-nio-8009"]
29-Nov-2017 08:32:55.231 INFO [main] org.apache.catalina.startup.Catalina.start Server startup in 10033 ms
29-Nov-2017 08:33:02.757 INFO [http-nio-8080-exec-9] org.apache.catalina.core.StandardContext.reload Reloading Context with name [/Tecnopotify] has started
29-Nov-2017 08:33:08.469 INFO [http-nio-8080-exec-9] org.apache.catalina.core.StandardContext.reload Reloading Context with name [/Tecnopotify] is completed
29-Nov-2017 08:33:39.469 INFO [http-nio-8080-exec-7] org.apache.catalina.core.StandardContext.reload Reloading Context with name [/Tecnopotify] has started
29-Nov-2017 08:33:43.220 INFO [http-nio-8080-exec-7] org.apache.catalina.core.StandardContext.reload Reloading Context with name [/Tecnopotify] is completed
29-Nov-2017 08:48:39.021 INFO [http-nio-8080-exec-17] org.apache.catalina.core.StandardContext.reload Reloading Context with name [/Tecnopotify] has started
29-Nov-2017 08:48:43.219 INFO [http-nio-8080-exec-17] org.apache.catalina.core.StandardContext.reload Reloading Context with name [/Tecnopotify] is completed
29-Nov-2017 08:49:12.227 INFO [Thread-5] org.apache.coyote.AbstractProtocol.pause Pausing ProtocolHandler ["http-nio-8080"]
29-Nov-2017 08:49:12.279 INFO [Thread-5] org.apache.coyote.AbstractProtocol.pause Pausing ProtocolHandler ["ajp-nio-8009"]
29-Nov-2017 08:49:12.336 INFO [Thread-5] org.apache.catalina.core.StandardService.stopInternal Stopping service Catalina
29-Nov-2017 08:49:12.532 INFO [Thread-5] org.apache.coyote.AbstractProtocol.stop Stopping ProtocolHandler ["http-nio-8080"]
29-Nov-2017 08:49:12.569 INFO [Thread-5] org.apache.coyote.AbstractProtocol.stop Stopping ProtocolHandler ["ajp-nio-8009"]
29-Nov-2017 08:49:12.573 INFO [Thread-5] org.apache.coyote.AbstractProtocol.destroy Destroying ProtocolHandler ["http-nio-8080"]
29-Nov-2017 08:49:12.578 INFO [Thread-5] org.apache.coyote.AbstractProtocol.destroy Destroying ProtocolHandler ["ajp-nio-8009"]
29-Nov-2017 17:21:34.587 INFO [main] org.apache.catalina.startup.VersionLoggerListener.log Server version:        Apache Tomcat/8.0.46
29-Nov-2017 17:21:34.594 INFO [main] org.apache.catalina.startup.VersionLoggerListener.log Server built:          Aug 10 2017 10:10:31 UTC
29-Nov-2017 17:21:34.595 INFO [main] org.apache.catalina.startup.VersionLoggerListener.log Server number:         8.0.46.0
29-Nov-2017 17:21:34.595 INFO [main] org.apache.catalina.startup.VersionLoggerListener.log OS Name:               Linux
29-Nov-2017 17:21:34.595 INFO [main] org.apache.catalina.startup.VersionLoggerListener.log OS Version:            4.4.92-31-default
29-Nov-2017 17:21:34.595 INFO [main] org.apache.catalina.startup.VersionLoggerListener.log Architecture:          amd64
29-Nov-2017 17:21:34.595 INFO [main] org.apache.catalina.startup.VersionLoggerListener.log Java Home:             /usr/java/jdk1.8.0_152/jre
29-Nov-2017 17:21:34.596 INFO [main] org.apache.catalina.startup.VersionLoggerListener.log JVM Version:           1.8.0_152-b16
29-Nov-2017 17:21:34.596 INFO [main] org.apache.catalina.startup.VersionLoggerListener.log JVM Vendor:            Oracle Corporation
29-Nov-2017 17:21:34.596 INFO [main] org.apache.catalina.startup.VersionLoggerListener.log CATALINA_BASE:         /home/diego/NetBeansProjects/PAP-VALE/apache-tomcat-8.0.46
29-Nov-2017 17:21:34.596 INFO [main] org.apache.catalina.startup.VersionLoggerListener.log CATALINA_HOME:         /home/diego/NetBeansProjects/PAP-VALE/apache-tomcat-8.0.46
29-Nov-2017 17:21:34.597 INFO [main] org.apache.catalina.startup.VersionLoggerListener.log Command line argument: -Djava.util.logging.config.file=/home/diego/NetBeansProjects/PAP-VALE/apache-tomcat-8.0.46/conf/logging.properties
29-Nov-2017 17:21:34.598 INFO [main] org.apache.catalina.startup.VersionLoggerListener.log Command line argument: -Djava.util.logging.manager=org.apache.juli.ClassLoaderLogManager
29-Nov-2017 17:21:34.598 INFO [main] org.apache.catalina.startup.VersionLoggerListener.log Command line argument: -Dhttp.nonProxyHosts=localhost|127.0.0.1
29-Nov-2017 17:21:34.598 INFO [main] org.apache.catalina.startup.VersionLoggerListener.log Command line argument: -Djdk.tls.ephemeralDHKeySize=2048
29-Nov-2017 17:21:34.599 INFO [main] org.apache.catalina.startup.VersionLoggerListener.log Command line argument: -Djava.protocol.handler.pkgs=org.apache.catalina.webresources
29-Nov-2017 17:21:34.600 INFO [main] org.apache.catalina.startup.VersionLoggerListener.log Command line argument: -Djava.endorsed.dirs=/home/diego/NetBeansProjects/PAP-VALE/apache-tomcat-8.0.46/endorsed
29-Nov-2017 17:21:34.600 INFO [main] org.apache.catalina.startup.VersionLoggerListener.log Command line argument: -Dcatalina.base=/home/diego/NetBeansProjects/PAP-VALE/apache-tomcat-8.0.46
29-Nov-2017 17:21:34.600 INFO [main] org.apache.catalina.startup.VersionLoggerListener.log Command line argument: -Dcatalina.home=/home/diego/NetBeansProjects/PAP-VALE/apache-tomcat-8.0.46
29-Nov-2017 17:21:34.600 INFO [main] org.apache.catalina.startup.VersionLoggerListener.log Command line argument: -Djava.io.tmpdir=/home/diego/NetBeansProjects/PAP-VALE/apache-tomcat-8.0.46/temp
29-Nov-2017 17:21:34.601 INFO [main] org.apache.catalina.core.AprLifecycleListener.lifecycleEvent The APR based Apache Tomcat Native library which allows optimal performance in production environments was not found on the java.library.path: /usr/java/jdk1.8.0_152/jre/lib/amd64:/usr/java/jdk1.8.0_152/jre/lib/i386::/usr/java/packages/lib/amd64:/usr/lib64:/lib64:/lib:/usr/lib
29-Nov-2017 17:21:35.484 INFO [main] org.apache.coyote.AbstractProtocol.init Initializing ProtocolHandler ["http-nio-8080"]
29-Nov-2017 17:21:35.550 INFO [main] org.apache.tomcat.util.net.NioSelectorPool.getSharedSelector Using a shared selector for servlet write/read
29-Nov-2017 17:21:35.556 INFO [main] org.apache.coyote.AbstractProtocol.init Initializing ProtocolHandler ["ajp-nio-8009"]
29-Nov-2017 17:21:35.588 INFO [main] org.apache.tomcat.util.net.NioSelectorPool.getSharedSelector Using a shared selector for servlet write/read
29-Nov-2017 17:21:35.593 INFO [main] org.apache.catalina.startup.Catalina.load Initialization processed in 4209 ms
29-Nov-2017 17:21:35.835 INFO [main] org.apache.catalina.core.StandardService.startInternal Starting service Catalina
29-Nov-2017 17:21:35.835 INFO [main] org.apache.catalina.core.StandardEngine.startInternal Starting Servlet Engine: Apache Tomcat/8.0.46
29-Nov-2017 17:21:35.896 INFO [localhost-startStop-1] org.apache.catalina.startup.HostConfig.deployDescriptor Deploying configuration descriptor /home/diego/NetBeansProjects/PAP-VALE/apache-tomcat-8.0.46/conf/Catalina/localhost/AplicacionWebPrueba.xml
29-Nov-2017 17:21:36.432 SEVERE [localhost-startStop-1] org.apache.catalina.core.ContainerBase.addChildInternal ContainerBase.addChild: start: 
 org.apache.catalina.LifecycleException: Failed to start component [StandardEngine[Catalina].StandardHost[localhost].StandardContext[/AplicacionWebPrueba]]
	at org.apache.catalina.util.LifecycleBase.start(LifecycleBase.java:162)
	at org.apache.catalina.core.ContainerBase.addChildInternal(ContainerBase.java:753)
	at org.apache.catalina.core.ContainerBase.addChild(ContainerBase.java:729)
	at org.apache.catalina.core.StandardHost.addChild(StandardHost.java:717)
	at org.apache.catalina.startup.HostConfig.deployDescriptor(HostConfig.java:621)
	at org.apache.catalina.startup.HostConfig$DeployDescriptor.run(HostConfig.java:1835)
	at java.util.concurrent.Executors$RunnableAdapter.call(Executors.java:511)
	at java.util.concurrent.FutureTask.run(FutureTask.java:266)
	at java.util.concurrent.ThreadPoolExecutor.runWorker(ThreadPoolExecutor.java:1149)
	at java.util.concurrent.ThreadPoolExecutor$Worker.run(ThreadPoolExecutor.java:624)
	at java.lang.Thread.run(Thread.java:748)
Caused by: org.apache.catalina.LifecycleException: Failed to start component [org.apache.catalina.webresources.StandardRoot@6acf0c43]
	at org.apache.catalina.util.LifecycleBase.start(LifecycleBase.java:162)
	at org.apache.catalina.core.StandardContext.resourcesStart(StandardContext.java:4969)
	at org.apache.catalina.core.StandardContext.startInternal(StandardContext.java:5099)
	at org.apache.catalina.util.LifecycleBase.start(LifecycleBase.java:145)
	... 10 more
Caused by: java.lang.IllegalArgumentException: The main resource set specified [/home/diego-lucia/Documentos/AplicacionWebPrueba/build/web] is not valid
	at org.apache.catalina.webresources.StandardRoot.createMainResourceSet(StandardRoot.java:743)
	at org.apache.catalina.webresources.StandardRoot.startInternal(StandardRoot.java:701)
	at org.apache.catalina.util.LifecycleBase.start(LifecycleBase.java:145)
	... 13 more

29-Nov-2017 17:21:36.437 SEVERE [localhost-startStop-1] org.apache.catalina.startup.HostConfig.deployDescriptor Error deploying configuration descriptor /home/diego/NetBeansProjects/PAP-VALE/apache-tomcat-8.0.46/conf/Catalina/localhost/AplicacionWebPrueba.xml
 java.lang.IllegalStateException: ContainerBase.addChild: start: org.apache.catalina.LifecycleException: Failed to start component [StandardEngine[Catalina].StandardHost[localhost].StandardContext[/AplicacionWebPrueba]]
	at org.apache.catalina.core.ContainerBase.addChildInternal(ContainerBase.java:757)
	at org.apache.catalina.core.ContainerBase.addChild(ContainerBase.java:729)
	at org.apache.catalina.core.StandardHost.addChild(StandardHost.java:717)
	at org.apache.catalina.startup.HostConfig.deployDescriptor(HostConfig.java:621)
	at org.apache.catalina.startup.HostConfig$DeployDescriptor.run(HostConfig.java:1835)
	at java.util.concurrent.Executors$RunnableAdapter.call(Executors.java:511)
	at java.util.concurrent.FutureTask.run(FutureTask.java:266)
	at java.util.concurrent.ThreadPoolExecutor.runWorker(ThreadPoolExecutor.java:1149)
	at java.util.concurrent.ThreadPoolExecutor$Worker.run(ThreadPoolExecutor.java:624)
	at java.lang.Thread.run(Thread.java:748)

29-Nov-2017 17:21:36.439 INFO [localhost-startStop-1] org.apache.catalina.startup.HostConfig.deployDescriptor Deployment of configuration descriptor /home/diego/NetBeansProjects/PAP-VALE/apache-tomcat-8.0.46/conf/Catalina/localhost/AplicacionWebPrueba.xml has finished in 542 ms
29-Nov-2017 17:21:36.440 INFO [localhost-startStop-1] org.apache.catalina.startup.HostConfig.deployDescriptor Deploying configuration descriptor /home/diego/NetBeansProjects/PAP-VALE/apache-tomcat-8.0.46/conf/Catalina/localhost/WebApplicationPrueba.xml
29-Nov-2017 17:21:36.577 SEVERE [localhost-startStop-1] org.apache.catalina.core.ContainerBase.addChildInternal ContainerBase.addChild: start: 
 org.apache.catalina.LifecycleException: Failed to start component [StandardEngine[Catalina].StandardHost[localhost].StandardContext[/WebApplicationPrueba]]
	at org.apache.catalina.util.LifecycleBase.start(LifecycleBase.java:162)
	at org.apache.catalina.core.ContainerBase.addChildInternal(ContainerBase.java:753)
	at org.apache.catalina.core.ContainerBase.addChild(ContainerBase.java:729)
	at org.apache.catalina.core.StandardHost.addChild(StandardHost.java:717)
	at org.apache.catalina.startup.HostConfig.deployDescriptor(HostConfig.java:621)
	at org.apache.catalina.startup.HostConfig$DeployDescriptor.run(HostConfig.java:1835)
	at java.util.concurrent.Executors$RunnableAdapter.call(Executors.java:511)
	at java.util.concurrent.FutureTask.run(FutureTask.java:266)
	at java.util.concurrent.ThreadPoolExecutor.runWorker(ThreadPoolExecutor.java:1149)
	at java.util.concurrent.ThreadPoolExecutor$Worker.run(ThreadPoolExecutor.java:624)
	at java.lang.Thread.run(Thread.java:748)
Caused by: org.apache.catalina.LifecycleException: Failed to start component [org.apache.catalina.webresources.StandardRoot@45efa80c]
	at org.apache.catalina.util.LifecycleBase.start(LifecycleBase.java:162)
	at org.apache.catalina.core.StandardContext.resourcesStart(StandardContext.java:4969)
	at org.apache.catalina.core.StandardContext.startInternal(StandardContext.java:5099)
	at org.apache.catalina.util.LifecycleBase.start(LifecycleBase.java:145)
	... 10 more
Caused by: java.lang.IllegalArgumentException: The main resource set specified [/home/diego-lucia/Escritorio/WebApplicationPrueba/build/web] is not valid
	at org.apache.catalina.webresources.StandardRoot.createMainResourceSet(StandardRoot.java:743)
	at org.apache.catalina.webresources.StandardRoot.startInternal(StandardRoot.java:701)
	at org.apache.catalina.util.LifecycleBase.start(LifecycleBase.java:145)
	... 13 more

29-Nov-2017 17:21:36.579 SEVERE [localhost-startStop-1] org.apache.catalina.startup.HostConfig.deployDescriptor Error deploying configuration descriptor /home/diego/NetBeansProjects/PAP-VALE/apache-tomcat-8.0.46/conf/Catalina/localhost/WebApplicationPrueba.xml
 java.lang.IllegalStateException: ContainerBase.addChild: start: org.apache.catalina.LifecycleException: Failed to start component [StandardEngine[Catalina].StandardHost[localhost].StandardContext[/WebApplicationPrueba]]
	at org.apache.catalina.core.ContainerBase.addChildInternal(ContainerBase.java:757)
	at org.apache.catalina.core.ContainerBase.addChild(ContainerBase.java:729)
	at org.apache.catalina.core.StandardHost.addChild(StandardHost.java:717)
	at org.apache.catalina.startup.HostConfig.deployDescriptor(HostConfig.java:621)
	at org.apache.catalina.startup.HostConfig$DeployDescriptor.run(HostConfig.java:1835)
	at java.util.concurrent.Executors$RunnableAdapter.call(Executors.java:511)
	at java.util.concurrent.FutureTask.run(FutureTask.java:266)
	at java.util.concurrent.ThreadPoolExecutor.runWorker(ThreadPoolExecutor.java:1149)
	at java.util.concurrent.ThreadPoolExecutor$Worker.run(ThreadPoolExecutor.java:624)
	at java.lang.Thread.run(Thread.java:748)

29-Nov-2017 17:21:36.580 INFO [localhost-startStop-1] org.apache.catalina.startup.HostConfig.deployDescriptor Deployment of configuration descriptor /home/diego/NetBeansProjects/PAP-VALE/apache-tomcat-8.0.46/conf/Catalina/localhost/WebApplicationPrueba.xml has finished in 139 ms
29-Nov-2017 17:21:36.580 INFO [localhost-startStop-1] org.apache.catalina.startup.HostConfig.deployDescriptor Deploying configuration descriptor /home/diego/NetBeansProjects/PAP-VALE/apache-tomcat-8.0.46/conf/Catalina/localhost/Tecnopotify.xml
29-Nov-2017 17:21:50.793 INFO [localhost-startStop-1] org.apache.jasper.servlet.TldScanner.scanJars At least one JAR was scanned for TLDs yet contained no TLDs. Enable debug logging for this logger for a complete list of JARs that were scanned but no TLDs were found in them. Skipping unneeded JARs during scanning can improve startup time and JSP compilation time.
29-Nov-2017 17:21:51.492 INFO [localhost-startStop-1] org.apache.catalina.startup.HostConfig.deployDescriptor Deployment of configuration descriptor /home/diego/NetBeansProjects/PAP-VALE/apache-tomcat-8.0.46/conf/Catalina/localhost/Tecnopotify.xml has finished in 14,912 ms
29-Nov-2017 17:21:51.498 INFO [localhost-startStop-1] org.apache.catalina.startup.HostConfig.deployDirectory Deploying web application directory /home/diego/NetBeansProjects/PAP-VALE/apache-tomcat-8.0.46/webapps/ROOT
29-Nov-2017 17:21:51.734 INFO [localhost-startStop-1] org.apache.catalina.startup.HostConfig.deployDirectory Deployment of web application directory /home/diego/NetBeansProjects/PAP-VALE/apache-tomcat-8.0.46/webapps/ROOT has finished in 236 ms
29-Nov-2017 17:21:51.735 INFO [localhost-startStop-1] org.apache.catalina.startup.HostConfig.deployDirectory Deploying web application directory /home/diego/NetBeansProjects/PAP-VALE/apache-tomcat-8.0.46/webapps/docs
29-Nov-2017 17:21:51.880 INFO [localhost-startStop-1] org.apache.catalina.startup.HostConfig.deployDirectory Deployment of web application directory /home/diego/NetBeansProjects/PAP-VALE/apache-tomcat-8.0.46/webapps/docs has finished in 145 ms
29-Nov-2017 17:21:51.881 INFO [localhost-startStop-1] org.apache.catalina.startup.HostConfig.deployDirectory Deploying web application directory /home/diego/NetBeansProjects/PAP-VALE/apache-tomcat-8.0.46/webapps/examples
29-Nov-2017 17:21:53.611 INFO [localhost-startStop-1] org.apache.catalina.startup.HostConfig.deployDirectory Deployment of web application directory /home/diego/NetBeansProjects/PAP-VALE/apache-tomcat-8.0.46/webapps/examples has finished in 1,730 ms
29-Nov-2017 17:21:53.627 INFO [localhost-startStop-1] org.apache.catalina.startup.HostConfig.deployDirectory Deploying web application directory /home/diego/NetBeansProjects/PAP-VALE/apache-tomcat-8.0.46/webapps/host-manager
29-Nov-2017 17:21:54.015 INFO [localhost-startStop-1] org.apache.catalina.startup.HostConfig.deployDirectory Deployment of web application directory /home/diego/NetBeansProjects/PAP-VALE/apache-tomcat-8.0.46/webapps/host-manager has finished in 388 ms
29-Nov-2017 17:21:54.016 INFO [localhost-startStop-1] org.apache.catalina.startup.HostConfig.deployDirectory Deploying web application directory /home/diego/NetBeansProjects/PAP-VALE/apache-tomcat-8.0.46/webapps/manager
29-Nov-2017 17:21:54.244 INFO [localhost-startStop-1] org.apache.catalina.startup.HostConfig.deployDirectory Deployment of web application directory /home/diego/NetBeansProjects/PAP-VALE/apache-tomcat-8.0.46/webapps/manager has finished in 228 ms
29-Nov-2017 17:21:54.280 INFO [main] org.apache.coyote.AbstractProtocol.start Starting ProtocolHandler ["http-nio-8080"]
29-Nov-2017 17:21:54.490 INFO [main] org.apache.coyote.AbstractProtocol.start Starting ProtocolHandler ["ajp-nio-8009"]
29-Nov-2017 17:21:54.630 INFO [main] org.apache.catalina.startup.Catalina.start Server startup in 19029 ms
29-Nov-2017 17:22:35.007 INFO [http-nio-8080-exec-2] org.apache.catalina.core.StandardContext.reload Reloading Context with name [/Tecnopotify] has started
29-Nov-2017 17:22:39.511 INFO [http-nio-8080-exec-2] org.apache.catalina.core.StandardContext.reload Reloading Context with name [/Tecnopotify] is completed
29-Nov-2017 17:26:46.625 INFO [http-nio-8080-exec-20] org.apache.catalina.core.StandardContext.reload Reloading Context with name [/Tecnopotify] has started
29-Nov-2017 17:26:53.527 INFO [http-nio-8080-exec-20] org.apache.catalina.core.StandardContext.reload Reloading Context with name [/Tecnopotify] is completed
29-Nov-2017 17:26:54.280 INFO [http-nio-8080-exec-17] org.apache.catalina.startup.HostConfig.undeploy Undeploying context [/Tecnopotify]
29-Nov-2017 17:27:34.331 INFO [http-nio-8080-exec-26] org.apache.catalina.startup.HostConfig.deployDescriptor Deploying configuration descriptor /home/diego/NetBeansProjects/PAP-VALE/apache-tomcat-8.0.46/conf/Catalina/localhost/Tecnopotify.xml
29-Nov-2017 17:27:37.782 INFO [http-nio-8080-exec-26] org.apache.catalina.startup.HostConfig.deployDescriptor Deployment of configuration descriptor /home/diego/NetBeansProjects/PAP-VALE/apache-tomcat-8.0.46/conf/Catalina/localhost/Tecnopotify.xml has finished in 3,450 ms
29-Nov-2017 17:27:38.125 INFO [48] org.apache.catalina.util.LifecycleBase.start The start() method was called on component [StandardEngine[Catalina].StandardHost[localhost].StandardContext[/Tecnopotify]] after start() had already been called. The second call will be ignored.
29-Nov-2017 17:28:42.041 INFO [main] org.apache.catalina.core.StandardServer.await A valid shutdown command was received via the shutdown port. Stopping the Server instance.
29-Nov-2017 17:28:42.042 INFO [main] org.apache.coyote.AbstractProtocol.pause Pausing ProtocolHandler ["http-nio-8080"]
29-Nov-2017 17:28:42.093 INFO [main] org.apache.coyote.AbstractProtocol.pause Pausing ProtocolHandler ["ajp-nio-8009"]
29-Nov-2017 17:28:42.144 INFO [main] org.apache.catalina.core.StandardService.stopInternal Stopping service Catalina
29-Nov-2017 17:28:42.269 INFO [main] org.apache.coyote.AbstractProtocol.stop Stopping ProtocolHandler ["http-nio-8080"]
29-Nov-2017 17:28:42.274 INFO [main] org.apache.coyote.AbstractProtocol.stop Stopping ProtocolHandler ["ajp-nio-8009"]
29-Nov-2017 17:28:42.321 INFO [main] org.apache.coyote.AbstractProtocol.destroy Destroying ProtocolHandler ["http-nio-8080"]
29-Nov-2017 17:28:42.323 INFO [main] org.apache.coyote.AbstractProtocol.destroy Destroying ProtocolHandler ["ajp-nio-8009"]
29-Nov-2017 17:28:46.882 INFO [main] org.apache.catalina.startup.VersionLoggerListener.log Server version:        Apache Tomcat/8.0.46
29-Nov-2017 17:28:46.891 INFO [main] org.apache.catalina.startup.VersionLoggerListener.log Server built:          Aug 10 2017 10:10:31 UTC
29-Nov-2017 17:28:46.891 INFO [main] org.apache.catalina.startup.VersionLoggerListener.log Server number:         8.0.46.0
29-Nov-2017 17:28:46.892 INFO [main] org.apache.catalina.startup.VersionLoggerListener.log OS Name:               Linux
29-Nov-2017 17:28:46.892 INFO [main] org.apache.catalina.startup.VersionLoggerListener.log OS Version:            4.4.92-31-default
29-Nov-2017 17:28:46.892 INFO [main] org.apache.catalina.startup.VersionLoggerListener.log Architecture:          amd64
29-Nov-2017 17:28:46.892 INFO [main] org.apache.catalina.startup.VersionLoggerListener.log Java Home:             /usr/java/jdk1.8.0_152/jre
29-Nov-2017 17:28:46.892 INFO [main] org.apache.catalina.startup.VersionLoggerListener.log JVM Version:           1.8.0_152-b16
29-Nov-2017 17:28:46.892 INFO [main] org.apache.catalina.startup.VersionLoggerListener.log JVM Vendor:            Oracle Corporation
29-Nov-2017 17:28:46.893 INFO [main] org.apache.catalina.startup.VersionLoggerListener.log CATALINA_BASE:         /home/diego/NetBeansProjects/PAP-VALE/apache-tomcat-8.0.46
29-Nov-2017 17:28:46.893 INFO [main] org.apache.catalina.startup.VersionLoggerListener.log CATALINA_HOME:         /home/diego/NetBeansProjects/PAP-VALE/apache-tomcat-8.0.46
29-Nov-2017 17:28:46.893 INFO [main] org.apache.catalina.startup.VersionLoggerListener.log Command line argument: -Djava.util.logging.config.file=/home/diego/NetBeansProjects/PAP-VALE/apache-tomcat-8.0.46/conf/logging.properties
29-Nov-2017 17:28:46.894 INFO [main] org.apache.catalina.startup.VersionLoggerListener.log Command line argument: -Djava.util.logging.manager=org.apache.juli.ClassLoaderLogManager
29-Nov-2017 17:28:46.894 INFO [main] org.apache.catalina.startup.VersionLoggerListener.log Command line argument: -Dhttp.nonProxyHosts=localhost|127.0.0.1
29-Nov-2017 17:28:46.895 INFO [main] org.apache.catalina.startup.VersionLoggerListener.log Command line argument: -Djdk.tls.ephemeralDHKeySize=2048
29-Nov-2017 17:28:46.895 INFO [main] org.apache.catalina.startup.VersionLoggerListener.log Command line argument: -Djava.protocol.handler.pkgs=org.apache.catalina.webresources
29-Nov-2017 17:28:46.896 INFO [main] org.apache.catalina.startup.VersionLoggerListener.log Command line argument: -agentlib:jdwp=transport=dt_socket,address=11550,server=y,suspend=n
29-Nov-2017 17:28:46.896 INFO [main] org.apache.catalina.startup.VersionLoggerListener.log Command line argument: -Djava.endorsed.dirs=/home/diego/NetBeansProjects/PAP-VALE/apache-tomcat-8.0.46/endorsed
29-Nov-2017 17:28:46.896 INFO [main] org.apache.catalina.startup.VersionLoggerListener.log Command line argument: -Dcatalina.base=/home/diego/NetBeansProjects/PAP-VALE/apache-tomcat-8.0.46
29-Nov-2017 17:28:46.896 INFO [main] org.apache.catalina.startup.VersionLoggerListener.log Command line argument: -Dcatalina.home=/home/diego/NetBeansProjects/PAP-VALE/apache-tomcat-8.0.46
29-Nov-2017 17:28:46.902 INFO [main] org.apache.catalina.startup.VersionLoggerListener.log Command line argument: -Djava.io.tmpdir=/home/diego/NetBeansProjects/PAP-VALE/apache-tomcat-8.0.46/temp
29-Nov-2017 17:28:46.903 INFO [main] org.apache.catalina.core.AprLifecycleListener.lifecycleEvent The APR based Apache Tomcat Native library which allows optimal performance in production environments was not found on the java.library.path: /usr/java/jdk1.8.0_152/jre/lib/amd64:/usr/java/jdk1.8.0_152/jre/lib/i386::/usr/java/packages/lib/amd64:/usr/lib64:/lib64:/lib:/usr/lib
29-Nov-2017 17:28:47.656 INFO [main] org.apache.coyote.AbstractProtocol.init Initializing ProtocolHandler ["http-nio-8080"]
29-Nov-2017 17:28:47.730 INFO [main] org.apache.tomcat.util.net.NioSelectorPool.getSharedSelector Using a shared selector for servlet write/read
29-Nov-2017 17:28:47.758 INFO [main] org.apache.coyote.AbstractProtocol.init Initializing ProtocolHandler ["ajp-nio-8009"]
29-Nov-2017 17:28:47.761 INFO [main] org.apache.tomcat.util.net.NioSelectorPool.getSharedSelector Using a shared selector for servlet write/read
29-Nov-2017 17:28:47.774 INFO [main] org.apache.catalina.startup.Catalina.load Initialization processed in 2250 ms
29-Nov-2017 17:28:47.928 INFO [main] org.apache.catalina.core.StandardService.startInternal Starting service Catalina
29-Nov-2017 17:28:47.928 INFO [main] org.apache.catalina.core.StandardEngine.startInternal Starting Servlet Engine: Apache Tomcat/8.0.46
29-Nov-2017 17:28:48.035 INFO [localhost-startStop-1] org.apache.catalina.startup.HostConfig.deployDescriptor Deploying configuration descriptor /home/diego/NetBeansProjects/PAP-VALE/apache-tomcat-8.0.46/conf/Catalina/localhost/AplicacionWebPrueba.xml
29-Nov-2017 17:28:48.421 SEVERE [localhost-startStop-1] org.apache.catalina.core.ContainerBase.addChildInternal ContainerBase.addChild: start: 
 org.apache.catalina.LifecycleException: Failed to start component [StandardEngine[Catalina].StandardHost[localhost].StandardContext[/AplicacionWebPrueba]]
	at org.apache.catalina.util.LifecycleBase.start(LifecycleBase.java:162)
	at org.apache.catalina.core.ContainerBase.addChildInternal(ContainerBase.java:753)
	at org.apache.catalina.core.ContainerBase.addChild(ContainerBase.java:729)
	at org.apache.catalina.core.StandardHost.addChild(StandardHost.java:717)
	at org.apache.catalina.startup.HostConfig.deployDescriptor(HostConfig.java:621)
	at org.apache.catalina.startup.HostConfig$DeployDescriptor.run(HostConfig.java:1835)
	at java.util.concurrent.Executors$RunnableAdapter.call(Executors.java:511)
	at java.util.concurrent.FutureTask.run(FutureTask.java:266)
	at java.util.concurrent.ThreadPoolExecutor.runWorker(ThreadPoolExecutor.java:1149)
	at java.util.concurrent.ThreadPoolExecutor$Worker.run(ThreadPoolExecutor.java:624)
	at java.lang.Thread.run(Thread.java:748)
Caused by: org.apache.catalina.LifecycleException: Failed to start component [org.apache.catalina.webresources.StandardRoot@1020cb74]
	at org.apache.catalina.util.LifecycleBase.start(LifecycleBase.java:162)
	at org.apache.catalina.core.StandardContext.resourcesStart(StandardContext.java:4969)
	at org.apache.catalina.core.StandardContext.startInternal(StandardContext.java:5099)
	at org.apache.catalina.util.LifecycleBase.start(LifecycleBase.java:145)
	... 10 more
Caused by: java.lang.IllegalArgumentException: The main resource set specified [/home/diego-lucia/Documentos/AplicacionWebPrueba/build/web] is not valid
	at org.apache.catalina.webresources.StandardRoot.createMainResourceSet(StandardRoot.java:743)
	at org.apache.catalina.webresources.StandardRoot.startInternal(StandardRoot.java:701)
	at org.apache.catalina.util.LifecycleBase.start(LifecycleBase.java:145)
	... 13 more

29-Nov-2017 17:28:48.426 SEVERE [localhost-startStop-1] org.apache.catalina.startup.HostConfig.deployDescriptor Error deploying configuration descriptor /home/diego/NetBeansProjects/PAP-VALE/apache-tomcat-8.0.46/conf/Catalina/localhost/AplicacionWebPrueba.xml
 java.lang.IllegalStateException: ContainerBase.addChild: start: org.apache.catalina.LifecycleException: Failed to start component [StandardEngine[Catalina].StandardHost[localhost].StandardContext[/AplicacionWebPrueba]]
	at org.apache.catalina.core.ContainerBase.addChildInternal(ContainerBase.java:757)
	at org.apache.catalina.core.ContainerBase.addChild(ContainerBase.java:729)
	at org.apache.catalina.core.StandardHost.addChild(StandardHost.java:717)
	at org.apache.catalina.startup.HostConfig.deployDescriptor(HostConfig.java:621)
	at org.apache.catalina.startup.HostConfig$DeployDescriptor.run(HostConfig.java:1835)
	at java.util.concurrent.Executors$RunnableAdapter.call(Executors.java:511)
	at java.util.concurrent.FutureTask.run(FutureTask.java:266)
	at java.util.concurrent.ThreadPoolExecutor.runWorker(ThreadPoolExecutor.java:1149)
	at java.util.concurrent.ThreadPoolExecutor$Worker.run(ThreadPoolExecutor.java:624)
	at java.lang.Thread.run(Thread.java:748)

29-Nov-2017 17:28:48.430 INFO [localhost-startStop-1] org.apache.catalina.startup.HostConfig.deployDescriptor Deployment of configuration descriptor /home/diego/NetBeansProjects/PAP-VALE/apache-tomcat-8.0.46/conf/Catalina/localhost/AplicacionWebPrueba.xml has finished in 392 ms
29-Nov-2017 17:28:48.433 INFO [localhost-startStop-1] org.apache.catalina.startup.HostConfig.deployDescriptor Deploying configuration descriptor /home/diego/NetBeansProjects/PAP-VALE/apache-tomcat-8.0.46/conf/Catalina/localhost/WebApplicationPrueba.xml
29-Nov-2017 17:28:48.466 SEVERE [localhost-startStop-1] org.apache.catalina.core.ContainerBase.addChildInternal ContainerBase.addChild: start: 
 org.apache.catalina.LifecycleException: Failed to start component [StandardEngine[Catalina].StandardHost[localhost].StandardContext[/WebApplicationPrueba]]
	at org.apache.catalina.util.LifecycleBase.start(LifecycleBase.java:162)
	at org.apache.catalina.core.ContainerBase.addChildInternal(ContainerBase.java:753)
	at org.apache.catalina.core.ContainerBase.addChild(ContainerBase.java:729)
	at org.apache.catalina.core.StandardHost.addChild(StandardHost.java:717)
	at org.apache.catalina.startup.HostConfig.deployDescriptor(HostConfig.java:621)
	at org.apache.catalina.startup.HostConfig$DeployDescriptor.run(HostConfig.java:1835)
	at java.util.concurrent.Executors$RunnableAdapter.call(Executors.java:511)
	at java.util.concurrent.FutureTask.run(FutureTask.java:266)
	at java.util.concurrent.ThreadPoolExecutor.runWorker(ThreadPoolExecutor.java:1149)
	at java.util.concurrent.ThreadPoolExecutor$Worker.run(ThreadPoolExecutor.java:624)
	at java.lang.Thread.run(Thread.java:748)
Caused by: org.apache.catalina.LifecycleException: Failed to start component [org.apache.catalina.webresources.StandardRoot@45f8030a]
	at org.apache.catalina.util.LifecycleBase.start(LifecycleBase.java:162)
	at org.apache.catalina.core.StandardContext.resourcesStart(StandardContext.java:4969)
	at org.apache.catalina.core.StandardContext.startInternal(StandardContext.java:5099)
	at org.apache.catalina.util.LifecycleBase.start(LifecycleBase.java:145)
	... 10 more
Caused by: java.lang.IllegalArgumentException: The main resource set specified [/home/diego-lucia/Escritorio/WebApplicationPrueba/build/web] is not valid
	at org.apache.catalina.webresources.StandardRoot.createMainResourceSet(StandardRoot.java:743)
	at org.apache.catalina.webresources.StandardRoot.startInternal(StandardRoot.java:701)
	at org.apache.catalina.util.LifecycleBase.start(LifecycleBase.java:145)
	... 13 more

29-Nov-2017 17:28:48.468 SEVERE [localhost-startStop-1] org.apache.catalina.startup.HostConfig.deployDescriptor Error deploying configuration descriptor /home/diego/NetBeansProjects/PAP-VALE/apache-tomcat-8.0.46/conf/Catalina/localhost/WebApplicationPrueba.xml
 java.lang.IllegalStateException: ContainerBase.addChild: start: org.apache.catalina.LifecycleException: Failed to start component [StandardEngine[Catalina].StandardHost[localhost].StandardContext[/WebApplicationPrueba]]
	at org.apache.catalina.core.ContainerBase.addChildInternal(ContainerBase.java:757)
	at org.apache.catalina.core.ContainerBase.addChild(ContainerBase.java:729)
	at org.apache.catalina.core.StandardHost.addChild(StandardHost.java:717)
	at org.apache.catalina.startup.HostConfig.deployDescriptor(HostConfig.java:621)
	at org.apache.catalina.startup.HostConfig$DeployDescriptor.run(HostConfig.java:1835)
	at java.util.concurrent.Executors$RunnableAdapter.call(Executors.java:511)
	at java.util.concurrent.FutureTask.run(FutureTask.java:266)
	at java.util.concurrent.ThreadPoolExecutor.runWorker(ThreadPoolExecutor.java:1149)
	at java.util.concurrent.ThreadPoolExecutor$Worker.run(ThreadPoolExecutor.java:624)
	at java.lang.Thread.run(Thread.java:748)

29-Nov-2017 17:28:48.469 INFO [localhost-startStop-1] org.apache.catalina.startup.HostConfig.deployDescriptor Deployment of configuration descriptor /home/diego/NetBeansProjects/PAP-VALE/apache-tomcat-8.0.46/conf/Catalina/localhost/WebApplicationPrueba.xml has finished in 36 ms
29-Nov-2017 17:28:48.470 INFO [localhost-startStop-1] org.apache.catalina.startup.HostConfig.deployDescriptor Deploying configuration descriptor /home/diego/NetBeansProjects/PAP-VALE/apache-tomcat-8.0.46/conf/Catalina/localhost/Tecnopotify.xml
29-Nov-2017 17:28:54.868 INFO [localhost-startStop-1] org.apache.jasper.servlet.TldScanner.scanJars At least one JAR was scanned for TLDs yet contained no TLDs. Enable debug logging for this logger for a complete list of JARs that were scanned but no TLDs were found in them. Skipping unneeded JARs during scanning can improve startup time and JSP compilation time.
29-Nov-2017 17:28:55.321 INFO [localhost-startStop-1] org.apache.catalina.startup.HostConfig.deployDescriptor Deployment of configuration descriptor /home/diego/NetBeansProjects/PAP-VALE/apache-tomcat-8.0.46/conf/Catalina/localhost/Tecnopotify.xml has finished in 6,851 ms
29-Nov-2017 17:28:55.323 INFO [localhost-startStop-1] org.apache.catalina.startup.HostConfig.deployDirectory Deploying web application directory /home/diego/NetBeansProjects/PAP-VALE/apache-tomcat-8.0.46/webapps/ROOT
29-Nov-2017 17:28:55.370 INFO [localhost-startStop-1] org.apache.catalina.startup.HostConfig.deployDirectory Deployment of web application directory /home/diego/NetBeansProjects/PAP-VALE/apache-tomcat-8.0.46/webapps/ROOT has finished in 46 ms
29-Nov-2017 17:28:55.370 INFO [localhost-startStop-1] org.apache.catalina.startup.HostConfig.deployDirectory Deploying web application directory /home/diego/NetBeansProjects/PAP-VALE/apache-tomcat-8.0.46/webapps/docs
29-Nov-2017 17:28:55.400 INFO [localhost-startStop-1] org.apache.catalina.startup.HostConfig.deployDirectory Deployment of web application directory /home/diego/NetBeansProjects/PAP-VALE/apache-tomcat-8.0.46/webapps/docs has finished in 30 ms
29-Nov-2017 17:28:55.400 INFO [localhost-startStop-1] org.apache.catalina.startup.HostConfig.deployDirectory Deploying web application directory /home/diego/NetBeansProjects/PAP-VALE/apache-tomcat-8.0.46/webapps/examples
29-Nov-2017 17:28:55.903 INFO [localhost-startStop-1] org.apache.catalina.startup.HostConfig.deployDirectory Deployment of web application directory /home/diego/NetBeansProjects/PAP-VALE/apache-tomcat-8.0.46/webapps/examples has finished in 502 ms
29-Nov-2017 17:28:55.903 INFO [localhost-startStop-1] org.apache.catalina.startup.HostConfig.deployDirectory Deploying web application directory /home/diego/NetBeansProjects/PAP-VALE/apache-tomcat-8.0.46/webapps/host-manager
29-Nov-2017 17:28:55.977 INFO [localhost-startStop-1] org.apache.catalina.startup.HostConfig.deployDirectory Deployment of web application directory /home/diego/NetBeansProjects/PAP-VALE/apache-tomcat-8.0.46/webapps/host-manager has finished in 73 ms
29-Nov-2017 17:28:55.977 INFO [localhost-startStop-1] org.apache.catalina.startup.HostConfig.deployDirectory Deploying web application directory /home/diego/NetBeansProjects/PAP-VALE/apache-tomcat-8.0.46/webapps/manager
29-Nov-2017 17:28:56.090 INFO [localhost-startStop-1] org.apache.catalina.startup.HostConfig.deployDirectory Deployment of web application directory /home/diego/NetBeansProjects/PAP-VALE/apache-tomcat-8.0.46/webapps/manager has finished in 112 ms
29-Nov-2017 17:28:56.113 INFO [main] org.apache.coyote.AbstractProtocol.start Starting ProtocolHandler ["http-nio-8080"]
29-Nov-2017 17:28:56.168 INFO [main] org.apache.coyote.AbstractProtocol.start Starting ProtocolHandler ["ajp-nio-8009"]
29-Nov-2017 17:28:56.193 INFO [main] org.apache.catalina.startup.Catalina.start Server startup in 8418 ms
29-Nov-2017 17:29:00.851 INFO [http-nio-8080-exec-3] org.apache.catalina.startup.HostConfig.undeploy Undeploying context [/Tecnopotify]
29-Nov-2017 17:29:00.985 INFO [http-nio-8080-exec-4] org.apache.catalina.startup.HostConfig.deployDescriptor Deploying configuration descriptor /home/diego/NetBeansProjects/PAP-VALE/apache-tomcat-8.0.46/conf/Catalina/localhost/Tecnopotify.xml
29-Nov-2017 17:29:05.770 INFO [http-nio-8080-exec-4] org.apache.catalina.startup.HostConfig.deployDescriptor Deployment of configuration descriptor /home/diego/NetBeansProjects/PAP-VALE/apache-tomcat-8.0.46/conf/Catalina/localhost/Tecnopotify.xml has finished in 4,784 ms
29-Nov-2017 17:29:05.939 INFO [http-nio-8080-exec-2] org.apache.catalina.util.LifecycleBase.start The start() method was called on component [StandardEngine[Catalina].StandardHost[localhost].StandardContext[/Tecnopotify]] after start() had already been called. The second call will be ignored.
29-Nov-2017 17:31:02.355 INFO [http-nio-8080-exec-16] org.apache.catalina.startup.HostConfig.undeploy Undeploying context [/Tecnopotify]
29-Nov-2017 17:31:31.588 INFO [http-nio-8080-exec-12] org.apache.catalina.startup.HostConfig.deployDescriptor Deploying configuration descriptor /home/diego/NetBeansProjects/PAP-VALE/apache-tomcat-8.0.46/conf/Catalina/localhost/Tecnopotify.xml
29-Nov-2017 17:31:35.681 INFO [http-nio-8080-exec-12] org.apache.catalina.startup.HostConfig.deployDescriptor Deployment of configuration descriptor /home/diego/NetBeansProjects/PAP-VALE/apache-tomcat-8.0.46/conf/Catalina/localhost/Tecnopotify.xml has finished in 4,092 ms
29-Nov-2017 17:31:35.826 INFO [http-nio-8080-exec-19] org.apache.catalina.util.LifecycleBase.start The start() method was called on component [StandardEngine[Catalina].StandardHost[localhost].StandardContext[/Tecnopotify]] after start() had already been called. The second call will be ignored.
29-Nov-2017 17:37:55.321 INFO [http-nio-8080-exec-24] org.apache.catalina.startup.HostConfig.undeploy Undeploying context [/Tecnopotify]
29-Nov-2017 17:38:43.501 INFO [http-nio-8080-exec-32] org.apache.catalina.startup.HostConfig.deployDescriptor Deploying configuration descriptor /home/diego/NetBeansProjects/PAP-VALE/apache-tomcat-8.0.46/conf/Catalina/localhost/Tecnopotify.xml
29-Nov-2017 17:38:48.321 INFO [http-nio-8080-exec-32] org.apache.catalina.startup.HostConfig.deployDescriptor Deployment of configuration descriptor /home/diego/NetBeansProjects/PAP-VALE/apache-tomcat-8.0.46/conf/Catalina/localhost/Tecnopotify.xml has finished in 4,820 ms
29-Nov-2017 17:38:48.648 INFO [http-nio-8080-exec-33] org.apache.catalina.util.LifecycleBase.start The start() method was called on component [StandardEngine[Catalina].StandardHost[localhost].StandardContext[/Tecnopotify]] after start() had already been called. The second call will be ignored.
