21-Nov-2017 19:55:40.407 INFO [main] org.apache.catalina.startup.VersionLoggerListener.log Server version:        Apache Tomcat/8.0.46
21-Nov-2017 19:55:40.413 INFO [main] org.apache.catalina.startup.VersionLoggerListener.log Server built:          Aug 10 2017 10:10:31 UTC
21-Nov-2017 19:55:40.414 INFO [main] org.apache.catalina.startup.VersionLoggerListener.log Server number:         8.0.46.0
21-Nov-2017 19:55:40.414 INFO [main] org.apache.catalina.startup.VersionLoggerListener.log OS Name:               Linux
21-Nov-2017 19:55:40.414 INFO [main] org.apache.catalina.startup.VersionLoggerListener.log OS Version:            4.4.92-31-default
21-Nov-2017 19:55:40.414 INFO [main] org.apache.catalina.startup.VersionLoggerListener.log Architecture:          amd64
21-Nov-2017 19:55:40.414 INFO [main] org.apache.catalina.startup.VersionLoggerListener.log Java Home:             /usr/java/jdk1.8.0_152/jre
21-Nov-2017 19:55:40.415 INFO [main] org.apache.catalina.startup.VersionLoggerListener.log JVM Version:           1.8.0_152-b16
21-Nov-2017 19:55:40.415 INFO [main] org.apache.catalina.startup.VersionLoggerListener.log JVM Vendor:            Oracle Corporation
21-Nov-2017 19:55:40.415 INFO [main] org.apache.catalina.startup.VersionLoggerListener.log CATALINA_BASE:         /home/diego/NetBeansProjects/papvale/PAP-VALE/apache-tomcat-8.0.46
21-Nov-2017 19:55:40.415 INFO [main] org.apache.catalina.startup.VersionLoggerListener.log CATALINA_HOME:         /home/diego/NetBeansProjects/papvale/PAP-VALE/apache-tomcat-8.0.46
21-Nov-2017 19:55:40.416 INFO [main] org.apache.catalina.startup.VersionLoggerListener.log Command line argument: -Djava.util.logging.config.file=/home/diego/NetBeansProjects/papvale/PAP-VALE/apache-tomcat-8.0.46/conf/logging.properties
21-Nov-2017 19:55:40.416 INFO [main] org.apache.catalina.startup.VersionLoggerListener.log Command line argument: -Djava.util.logging.manager=org.apache.juli.ClassLoaderLogManager
21-Nov-2017 19:55:40.417 INFO [main] org.apache.catalina.startup.VersionLoggerListener.log Command line argument: -Dhttp.nonProxyHosts=localhost|127.0.0.1
21-Nov-2017 19:55:40.417 INFO [main] org.apache.catalina.startup.VersionLoggerListener.log Command line argument: -Djdk.tls.ephemeralDHKeySize=2048
21-Nov-2017 19:55:40.417 INFO [main] org.apache.catalina.startup.VersionLoggerListener.log Command line argument: -Djava.protocol.handler.pkgs=org.apache.catalina.webresources
21-Nov-2017 19:55:40.422 INFO [main] org.apache.catalina.startup.VersionLoggerListener.log Command line argument: -Djava.endorsed.dirs=/home/diego/NetBeansProjects/papvale/PAP-VALE/apache-tomcat-8.0.46/endorsed
21-Nov-2017 19:55:40.422 INFO [main] org.apache.catalina.startup.VersionLoggerListener.log Command line argument: -Dcatalina.base=/home/diego/NetBeansProjects/papvale/PAP-VALE/apache-tomcat-8.0.46
21-Nov-2017 19:55:40.423 INFO [main] org.apache.catalina.startup.VersionLoggerListener.log Command line argument: -Dcatalina.home=/home/diego/NetBeansProjects/papvale/PAP-VALE/apache-tomcat-8.0.46
21-Nov-2017 19:55:40.423 INFO [main] org.apache.catalina.startup.VersionLoggerListener.log Command line argument: -Djava.io.tmpdir=/home/diego/NetBeansProjects/papvale/PAP-VALE/apache-tomcat-8.0.46/temp
21-Nov-2017 19:55:40.423 INFO [main] org.apache.catalina.core.AprLifecycleListener.lifecycleEvent The APR based Apache Tomcat Native library which allows optimal performance in production environments was not found on the java.library.path: /usr/java/jdk1.8.0_152/jre/lib/amd64:/usr/java/jdk1.8.0_152/jre/lib/i386::/usr/java/packages/lib/amd64:/usr/lib64:/lib64:/lib:/usr/lib
21-Nov-2017 19:55:41.060 INFO [main] org.apache.coyote.AbstractProtocol.init Initializing ProtocolHandler ["http-nio-8080"]
21-Nov-2017 19:55:41.113 INFO [main] org.apache.tomcat.util.net.NioSelectorPool.getSharedSelector Using a shared selector for servlet write/read
21-Nov-2017 19:55:41.153 INFO [main] org.apache.coyote.AbstractProtocol.init Initializing ProtocolHandler ["ajp-nio-8009"]
21-Nov-2017 19:55:41.156 INFO [main] org.apache.tomcat.util.net.NioSelectorPool.getSharedSelector Using a shared selector for servlet write/read
21-Nov-2017 19:55:41.158 INFO [main] org.apache.catalina.startup.Catalina.load Initialization processed in 1943 ms
21-Nov-2017 19:55:41.262 INFO [main] org.apache.catalina.core.StandardService.startInternal Starting service Catalina
21-Nov-2017 19:55:41.263 INFO [main] org.apache.catalina.core.StandardEngine.startInternal Starting Servlet Engine: Apache Tomcat/8.0.46
21-Nov-2017 19:55:41.289 INFO [localhost-startStop-1] org.apache.catalina.startup.HostConfig.deployDescriptor Deploying configuration descriptor /home/diego/NetBeansProjects/papvale/PAP-VALE/apache-tomcat-8.0.46/conf/Catalina/localhost/AplicacionWebPrueba.xml
21-Nov-2017 19:55:41.618 SEVERE [localhost-startStop-1] org.apache.catalina.core.ContainerBase.addChildInternal ContainerBase.addChild: start: 
 org.apache.catalina.LifecycleException: Failed to start component [StandardEngine[Catalina].StandardHost[localhost].StandardContext[/AplicacionWebPrueba]]
	at org.apache.catalina.util.LifecycleBase.start(LifecycleBase.java:162)
	at org.apache.catalina.core.ContainerBase.addChildInternal(ContainerBase.java:753)
	at org.apache.catalina.core.ContainerBase.addChild(ContainerBase.java:729)
	at org.apache.catalina.core.StandardHost.addChild(StandardHost.java:717)
	at org.apache.catalina.startup.HostConfig.deployDescriptor(HostConfig.java:621)
	at org.apache.catalina.startup.HostConfig$DeployDescriptor.run(HostConfig.java:1835)
	at java.util.concurrent.Executors$RunnableAdapter.call(Executors.java:511)
	at java.util.concurrent.FutureTask.run(FutureTask.java:266)
	at java.util.concurrent.ThreadPoolExecutor.runWorker(ThreadPoolExecutor.java:1149)
	at java.util.concurrent.ThreadPoolExecutor$Worker.run(ThreadPoolExecutor.java:624)
	at java.lang.Thread.run(Thread.java:748)
Caused by: org.apache.catalina.LifecycleException: Failed to start component [org.apache.catalina.webresources.StandardRoot@61ba92db]
	at org.apache.catalina.util.LifecycleBase.start(LifecycleBase.java:162)
	at org.apache.catalina.core.StandardContext.resourcesStart(StandardContext.java:4969)
	at org.apache.catalina.core.StandardContext.startInternal(StandardContext.java:5099)
	at org.apache.catalina.util.LifecycleBase.start(LifecycleBase.java:145)
	... 10 more
Caused by: java.lang.IllegalArgumentException: The main resource set specified [/home/diego-lucia/Documentos/AplicacionWebPrueba/build/web] is not valid
	at org.apache.catalina.webresources.StandardRoot.createMainResourceSet(StandardRoot.java:743)
	at org.apache.catalina.webresources.StandardRoot.startInternal(StandardRoot.java:701)
	at org.apache.catalina.util.LifecycleBase.start(LifecycleBase.java:145)
	... 13 more

21-Nov-2017 19:55:41.621 SEVERE [localhost-startStop-1] org.apache.catalina.startup.HostConfig.deployDescriptor Error deploying configuration descriptor /home/diego/NetBeansProjects/papvale/PAP-VALE/apache-tomcat-8.0.46/conf/Catalina/localhost/AplicacionWebPrueba.xml
 java.lang.IllegalStateException: ContainerBase.addChild: start: org.apache.catalina.LifecycleException: Failed to start component [StandardEngine[Catalina].StandardHost[localhost].StandardContext[/AplicacionWebPrueba]]
	at org.apache.catalina.core.ContainerBase.addChildInternal(ContainerBase.java:757)
	at org.apache.catalina.core.ContainerBase.addChild(ContainerBase.java:729)
	at org.apache.catalina.core.StandardHost.addChild(StandardHost.java:717)
	at org.apache.catalina.startup.HostConfig.deployDescriptor(HostConfig.java:621)
	at org.apache.catalina.startup.HostConfig$DeployDescriptor.run(HostConfig.java:1835)
	at java.util.concurrent.Executors$RunnableAdapter.call(Executors.java:511)
	at java.util.concurrent.FutureTask.run(FutureTask.java:266)
	at java.util.concurrent.ThreadPoolExecutor.runWorker(ThreadPoolExecutor.java:1149)
	at java.util.concurrent.ThreadPoolExecutor$Worker.run(ThreadPoolExecutor.java:624)
	at java.lang.Thread.run(Thread.java:748)

21-Nov-2017 19:55:41.635 INFO [localhost-startStop-1] org.apache.catalina.startup.HostConfig.deployDescriptor Deployment of configuration descriptor /home/diego/NetBeansProjects/papvale/PAP-VALE/apache-tomcat-8.0.46/conf/Catalina/localhost/AplicacionWebPrueba.xml has finished in 334 ms
21-Nov-2017 19:55:41.635 INFO [localhost-startStop-1] org.apache.catalina.startup.HostConfig.deployDescriptor Deploying configuration descriptor /home/diego/NetBeansProjects/papvale/PAP-VALE/apache-tomcat-8.0.46/conf/Catalina/localhost/Tecnopotify.xml
21-Nov-2017 19:55:41.656 SEVERE [localhost-startStop-1] org.apache.catalina.core.ContainerBase.addChildInternal ContainerBase.addChild: start: 
 org.apache.catalina.LifecycleException: Failed to start component [StandardEngine[Catalina].StandardHost[localhost].StandardContext[/Tecnopotify]]
	at org.apache.catalina.util.LifecycleBase.start(LifecycleBase.java:162)
	at org.apache.catalina.core.ContainerBase.addChildInternal(ContainerBase.java:753)
	at org.apache.catalina.core.ContainerBase.addChild(ContainerBase.java:729)
	at org.apache.catalina.core.StandardHost.addChild(StandardHost.java:717)
	at org.apache.catalina.startup.HostConfig.deployDescriptor(HostConfig.java:621)
	at org.apache.catalina.startup.HostConfig$DeployDescriptor.run(HostConfig.java:1835)
	at java.util.concurrent.Executors$RunnableAdapter.call(Executors.java:511)
	at java.util.concurrent.FutureTask.run(FutureTask.java:266)
	at java.util.concurrent.ThreadPoolExecutor.runWorker(ThreadPoolExecutor.java:1149)
	at java.util.concurrent.ThreadPoolExecutor$Worker.run(ThreadPoolExecutor.java:624)
	at java.lang.Thread.run(Thread.java:748)
Caused by: org.apache.catalina.LifecycleException: Failed to start component [org.apache.catalina.webresources.StandardRoot@fff6ba]
	at org.apache.catalina.util.LifecycleBase.start(LifecycleBase.java:162)
	at org.apache.catalina.core.StandardContext.resourcesStart(StandardContext.java:4969)
	at org.apache.catalina.core.StandardContext.startInternal(StandardContext.java:5099)
	at org.apache.catalina.util.LifecycleBase.start(LifecycleBase.java:145)
	... 10 more
Caused by: java.lang.IllegalArgumentException: The main resource set specified [/home/diego-lucia/Escritorio/Paaps/TecnopotifyWeb/build/web] is not valid
	at org.apache.catalina.webresources.StandardRoot.createMainResourceSet(StandardRoot.java:743)
	at org.apache.catalina.webresources.StandardRoot.startInternal(StandardRoot.java:701)
	at org.apache.catalina.util.LifecycleBase.start(LifecycleBase.java:145)
	... 13 more

21-Nov-2017 19:55:41.658 SEVERE [localhost-startStop-1] org.apache.catalina.startup.HostConfig.deployDescriptor Error deploying configuration descriptor /home/diego/NetBeansProjects/papvale/PAP-VALE/apache-tomcat-8.0.46/conf/Catalina/localhost/Tecnopotify.xml
 java.lang.IllegalStateException: ContainerBase.addChild: start: org.apache.catalina.LifecycleException: Failed to start component [StandardEngine[Catalina].StandardHost[localhost].StandardContext[/Tecnopotify]]
	at org.apache.catalina.core.ContainerBase.addChildInternal(ContainerBase.java:757)
	at org.apache.catalina.core.ContainerBase.addChild(ContainerBase.java:729)
	at org.apache.catalina.core.StandardHost.addChild(StandardHost.java:717)
	at org.apache.catalina.startup.HostConfig.deployDescriptor(HostConfig.java:621)
	at org.apache.catalina.startup.HostConfig$DeployDescriptor.run(HostConfig.java:1835)
	at java.util.concurrent.Executors$RunnableAdapter.call(Executors.java:511)
	at java.util.concurrent.FutureTask.run(FutureTask.java:266)
	at java.util.concurrent.ThreadPoolExecutor.runWorker(ThreadPoolExecutor.java:1149)
	at java.util.concurrent.ThreadPoolExecutor$Worker.run(ThreadPoolExecutor.java:624)
	at java.lang.Thread.run(Thread.java:748)

21-Nov-2017 19:55:41.660 INFO [localhost-startStop-1] org.apache.catalina.startup.HostConfig.deployDescriptor Deployment of configuration descriptor /home/diego/NetBeansProjects/papvale/PAP-VALE/apache-tomcat-8.0.46/conf/Catalina/localhost/Tecnopotify.xml has finished in 24 ms
21-Nov-2017 19:55:41.661 INFO [localhost-startStop-1] org.apache.catalina.startup.HostConfig.deployDescriptor Deploying configuration descriptor /home/diego/NetBeansProjects/papvale/PAP-VALE/apache-tomcat-8.0.46/conf/Catalina/localhost/WebApplicationPrueba.xml
21-Nov-2017 19:55:41.689 SEVERE [localhost-startStop-1] org.apache.catalina.core.ContainerBase.addChildInternal ContainerBase.addChild: start: 
 org.apache.catalina.LifecycleException: Failed to start component [StandardEngine[Catalina].StandardHost[localhost].StandardContext[/WebApplicationPrueba]]
	at org.apache.catalina.util.LifecycleBase.start(LifecycleBase.java:162)
	at org.apache.catalina.core.ContainerBase.addChildInternal(ContainerBase.java:753)
	at org.apache.catalina.core.ContainerBase.addChild(ContainerBase.java:729)
	at org.apache.catalina.core.StandardHost.addChild(StandardHost.java:717)
	at org.apache.catalina.startup.HostConfig.deployDescriptor(HostConfig.java:621)
	at org.apache.catalina.startup.HostConfig$DeployDescriptor.run(HostConfig.java:1835)
	at java.util.concurrent.Executors$RunnableAdapter.call(Executors.java:511)
	at java.util.concurrent.FutureTask.run(FutureTask.java:266)
	at java.util.concurrent.ThreadPoolExecutor.runWorker(ThreadPoolExecutor.java:1149)
	at java.util.concurrent.ThreadPoolExecutor$Worker.run(ThreadPoolExecutor.java:624)
	at java.lang.Thread.run(Thread.java:748)
Caused by: org.apache.catalina.LifecycleException: Failed to start component [org.apache.catalina.webresources.StandardRoot@5a0f3a6e]
	at org.apache.catalina.util.LifecycleBase.start(LifecycleBase.java:162)
	at org.apache.catalina.core.StandardContext.resourcesStart(StandardContext.java:4969)
	at org.apache.catalina.core.StandardContext.startInternal(StandardContext.java:5099)
	at org.apache.catalina.util.LifecycleBase.start(LifecycleBase.java:145)
	... 10 more
Caused by: java.lang.IllegalArgumentException: The main resource set specified [/home/diego-lucia/Escritorio/WebApplicationPrueba/build/web] is not valid
	at org.apache.catalina.webresources.StandardRoot.createMainResourceSet(StandardRoot.java:743)
	at org.apache.catalina.webresources.StandardRoot.startInternal(StandardRoot.java:701)
	at org.apache.catalina.util.LifecycleBase.start(LifecycleBase.java:145)
	... 13 more

21-Nov-2017 19:55:41.691 SEVERE [localhost-startStop-1] org.apache.catalina.startup.HostConfig.deployDescriptor Error deploying configuration descriptor /home/diego/NetBeansProjects/papvale/PAP-VALE/apache-tomcat-8.0.46/conf/Catalina/localhost/WebApplicationPrueba.xml
 java.lang.IllegalStateException: ContainerBase.addChild: start: org.apache.catalina.LifecycleException: Failed to start component [StandardEngine[Catalina].StandardHost[localhost].StandardContext[/WebApplicationPrueba]]
	at org.apache.catalina.core.ContainerBase.addChildInternal(ContainerBase.java:757)
	at org.apache.catalina.core.ContainerBase.addChild(ContainerBase.java:729)
	at org.apache.catalina.core.StandardHost.addChild(StandardHost.java:717)
	at org.apache.catalina.startup.HostConfig.deployDescriptor(HostConfig.java:621)
	at org.apache.catalina.startup.HostConfig$DeployDescriptor.run(HostConfig.java:1835)
	at java.util.concurrent.Executors$RunnableAdapter.call(Executors.java:511)
	at java.util.concurrent.FutureTask.run(FutureTask.java:266)
	at java.util.concurrent.ThreadPoolExecutor.runWorker(ThreadPoolExecutor.java:1149)
	at java.util.concurrent.ThreadPoolExecutor$Worker.run(ThreadPoolExecutor.java:624)
	at java.lang.Thread.run(Thread.java:748)

21-Nov-2017 19:55:41.694 INFO [localhost-startStop-1] org.apache.catalina.startup.HostConfig.deployDescriptor Deployment of configuration descriptor /home/diego/NetBeansProjects/papvale/PAP-VALE/apache-tomcat-8.0.46/conf/Catalina/localhost/WebApplicationPrueba.xml has finished in 33 ms
21-Nov-2017 19:55:41.697 INFO [localhost-startStop-1] org.apache.catalina.startup.HostConfig.deployDirectory Deploying web application directory /home/diego/NetBeansProjects/papvale/PAP-VALE/apache-tomcat-8.0.46/webapps/ROOT
21-Nov-2017 19:55:42.912 INFO [localhost-startStop-1] org.apache.catalina.startup.HostConfig.deployDirectory Deployment of web application directory /home/diego/NetBeansProjects/papvale/PAP-VALE/apache-tomcat-8.0.46/webapps/ROOT has finished in 1,214 ms
21-Nov-2017 19:55:42.912 INFO [localhost-startStop-1] org.apache.catalina.startup.HostConfig.deployDirectory Deploying web application directory /home/diego/NetBeansProjects/papvale/PAP-VALE/apache-tomcat-8.0.46/webapps/docs
21-Nov-2017 19:55:42.983 INFO [localhost-startStop-1] org.apache.catalina.startup.HostConfig.deployDirectory Deployment of web application directory /home/diego/NetBeansProjects/papvale/PAP-VALE/apache-tomcat-8.0.46/webapps/docs has finished in 71 ms
21-Nov-2017 19:55:42.984 INFO [localhost-startStop-1] org.apache.catalina.startup.HostConfig.deployDirectory Deploying web application directory /home/diego/NetBeansProjects/papvale/PAP-VALE/apache-tomcat-8.0.46/webapps/examples
21-Nov-2017 19:55:44.070 INFO [localhost-startStop-1] org.apache.catalina.startup.HostConfig.deployDirectory Deployment of web application directory /home/diego/NetBeansProjects/papvale/PAP-VALE/apache-tomcat-8.0.46/webapps/examples has finished in 1,086 ms
21-Nov-2017 19:55:44.071 INFO [localhost-startStop-1] org.apache.catalina.startup.HostConfig.deployDirectory Deploying web application directory /home/diego/NetBeansProjects/papvale/PAP-VALE/apache-tomcat-8.0.46/webapps/host-manager
21-Nov-2017 19:55:44.194 INFO [localhost-startStop-1] org.apache.catalina.startup.HostConfig.deployDirectory Deployment of web application directory /home/diego/NetBeansProjects/papvale/PAP-VALE/apache-tomcat-8.0.46/webapps/host-manager has finished in 123 ms
21-Nov-2017 19:55:44.194 INFO [localhost-startStop-1] org.apache.catalina.startup.HostConfig.deployDirectory Deploying web application directory /home/diego/NetBeansProjects/papvale/PAP-VALE/apache-tomcat-8.0.46/webapps/manager
21-Nov-2017 19:55:44.433 INFO [localhost-startStop-1] org.apache.catalina.startup.HostConfig.deployDirectory Deployment of web application directory /home/diego/NetBeansProjects/papvale/PAP-VALE/apache-tomcat-8.0.46/webapps/manager has finished in 239 ms
21-Nov-2017 19:55:44.461 INFO [main] org.apache.coyote.AbstractProtocol.start Starting ProtocolHandler ["http-nio-8080"]
21-Nov-2017 19:55:44.507 INFO [main] org.apache.coyote.AbstractProtocol.start Starting ProtocolHandler ["ajp-nio-8009"]
21-Nov-2017 19:55:44.586 INFO [main] org.apache.catalina.startup.Catalina.start Server startup in 3427 ms
21-Nov-2017 19:56:04.294 INFO [main] org.apache.catalina.core.StandardServer.await A valid shutdown command was received via the shutdown port. Stopping the Server instance.
21-Nov-2017 19:56:04.295 INFO [main] org.apache.coyote.AbstractProtocol.pause Pausing ProtocolHandler ["http-nio-8080"]
21-Nov-2017 19:56:04.350 INFO [main] org.apache.coyote.AbstractProtocol.pause Pausing ProtocolHandler ["ajp-nio-8009"]
21-Nov-2017 19:56:04.402 INFO [main] org.apache.catalina.core.StandardService.stopInternal Stopping service Catalina
21-Nov-2017 19:56:04.553 INFO [main] org.apache.coyote.AbstractProtocol.stop Stopping ProtocolHandler ["http-nio-8080"]
21-Nov-2017 19:56:04.565 INFO [main] org.apache.coyote.AbstractProtocol.stop Stopping ProtocolHandler ["ajp-nio-8009"]
21-Nov-2017 19:56:04.570 INFO [main] org.apache.coyote.AbstractProtocol.destroy Destroying ProtocolHandler ["http-nio-8080"]
21-Nov-2017 19:56:04.576 INFO [main] org.apache.coyote.AbstractProtocol.destroy Destroying ProtocolHandler ["ajp-nio-8009"]
