27-Nov-2017 15:45:26.745 INFO [localhost-startStop-1] org.apache.catalina.core.ApplicationContext.log ContextListener: contextInitialized()
27-Nov-2017 15:45:26.745 INFO [localhost-startStop-1] org.apache.catalina.core.ApplicationContext.log SessionListener: contextInitialized()
27-Nov-2017 15:47:20.146 INFO [http-nio-8080-exec-15] org.apache.catalina.core.ApplicationContext.log FiltroPrueba:Initializing filter
27-Nov-2017 15:48:05.405 INFO [http-nio-8080-exec-16] org.apache.catalina.core.ApplicationContext.log FiltroPrueba:doFilter()
27-Nov-2017 15:48:05.408 INFO [http-nio-8080-exec-16] org.apache.catalina.core.ApplicationContext.log FiltroPrueba:DoBeforeProcessing
27-Nov-2017 15:48:13.740 INFO [http-nio-8080-exec-16] org.apache.catalina.core.ApplicationContext.log FiltroPrueba:DoAfterProcessing
27-Nov-2017 15:48:14.240 INFO [http-nio-8080-exec-18] org.apache.catalina.core.ApplicationContext.log FiltroPrueba:doFilter()
27-Nov-2017 15:48:14.240 INFO [http-nio-8080-exec-18] org.apache.catalina.core.ApplicationContext.log FiltroPrueba:DoBeforeProcessing
27-Nov-2017 15:48:14.241 INFO [http-nio-8080-exec-18] org.apache.catalina.core.ApplicationContext.log FiltroPrueba:DoAfterProcessing
27-Nov-2017 15:48:24.786 INFO [http-nio-8080-exec-8] org.apache.catalina.core.ApplicationContext.log FiltroPrueba:doFilter()
27-Nov-2017 15:48:24.786 INFO [http-nio-8080-exec-8] org.apache.catalina.core.ApplicationContext.log FiltroPrueba:DoBeforeProcessing
27-Nov-2017 15:48:25.627 INFO [http-nio-8080-exec-8] org.apache.catalina.core.ApplicationContext.log FiltroPrueba:DoAfterProcessing
27-Nov-2017 15:48:25.878 INFO [http-nio-8080-exec-7] org.apache.catalina.core.ApplicationContext.log FiltroPrueba:doFilter()
27-Nov-2017 15:48:25.878 INFO [http-nio-8080-exec-7] org.apache.catalina.core.ApplicationContext.log FiltroPrueba:DoBeforeProcessing
27-Nov-2017 15:48:25.887 INFO [http-nio-8080-exec-14] org.apache.catalina.core.ApplicationContext.log FiltroPrueba:doFilter()
27-Nov-2017 15:48:25.887 INFO [http-nio-8080-exec-14] org.apache.catalina.core.ApplicationContext.log FiltroPrueba:DoBeforeProcessing
27-Nov-2017 15:48:26.005 INFO [http-nio-8080-exec-7] org.apache.catalina.core.ApplicationContext.log FiltroPrueba:DoAfterProcessing
27-Nov-2017 15:48:26.057 INFO [http-nio-8080-exec-15] org.apache.catalina.core.ApplicationContext.log FiltroPrueba:doFilter()
27-Nov-2017 15:48:26.057 INFO [http-nio-8080-exec-15] org.apache.catalina.core.ApplicationContext.log FiltroPrueba:DoBeforeProcessing
27-Nov-2017 15:48:26.058 INFO [http-nio-8080-exec-15] org.apache.catalina.core.ApplicationContext.log FiltroPrueba:DoAfterProcessing
27-Nov-2017 15:48:26.067 INFO [http-nio-8080-exec-17] org.apache.catalina.core.ApplicationContext.log FiltroPrueba:doFilter()
27-Nov-2017 15:48:26.067 INFO [http-nio-8080-exec-17] org.apache.catalina.core.ApplicationContext.log FiltroPrueba:DoBeforeProcessing
27-Nov-2017 15:48:26.067 INFO [http-nio-8080-exec-17] org.apache.catalina.core.ApplicationContext.log FiltroPrueba:DoAfterProcessing
27-Nov-2017 15:48:26.101 INFO [http-nio-8080-exec-14] org.apache.catalina.core.ApplicationContext.log FiltroPrueba:DoAfterProcessing
27-Nov-2017 15:49:02.472 INFO [http-nio-8080-exec-11] org.apache.catalina.core.ApplicationContext.log FiltroPrueba:doFilter()
27-Nov-2017 15:49:02.472 INFO [http-nio-8080-exec-11] org.apache.catalina.core.ApplicationContext.log FiltroPrueba:DoBeforeProcessing
27-Nov-2017 15:49:10.127 INFO [http-nio-8080-exec-11] org.apache.catalina.core.ApplicationContext.log FiltroPrueba:DoAfterProcessing
27-Nov-2017 15:49:10.312 INFO [http-nio-8080-exec-12] org.apache.catalina.core.ApplicationContext.log FiltroPrueba:doFilter()
27-Nov-2017 15:49:10.312 INFO [http-nio-8080-exec-12] org.apache.catalina.core.ApplicationContext.log FiltroPrueba:DoBeforeProcessing
27-Nov-2017 15:49:10.313 INFO [http-nio-8080-exec-13] org.apache.catalina.core.ApplicationContext.log FiltroPrueba:doFilter()
27-Nov-2017 15:49:10.313 INFO [http-nio-8080-exec-13] org.apache.catalina.core.ApplicationContext.log FiltroPrueba:DoBeforeProcessing
27-Nov-2017 15:49:10.313 INFO [http-nio-8080-exec-12] org.apache.catalina.core.ApplicationContext.log FiltroPrueba:DoAfterProcessing
27-Nov-2017 15:49:10.313 INFO [http-nio-8080-exec-13] org.apache.catalina.core.ApplicationContext.log FiltroPrueba:DoAfterProcessing
27-Nov-2017 15:49:10.341 INFO [http-nio-8080-exec-16] org.apache.catalina.core.ApplicationContext.log FiltroPrueba:doFilter()
27-Nov-2017 15:49:10.341 INFO [http-nio-8080-exec-16] org.apache.catalina.core.ApplicationContext.log FiltroPrueba:DoBeforeProcessing
27-Nov-2017 15:49:10.342 INFO [http-nio-8080-exec-16] org.apache.catalina.core.ApplicationContext.log FiltroPrueba:DoAfterProcessing
27-Nov-2017 15:49:10.343 INFO [http-nio-8080-exec-18] org.apache.catalina.core.ApplicationContext.log FiltroPrueba:doFilter()
27-Nov-2017 15:49:10.343 INFO [http-nio-8080-exec-18] org.apache.catalina.core.ApplicationContext.log FiltroPrueba:DoBeforeProcessing
27-Nov-2017 15:49:10.343 INFO [http-nio-8080-exec-18] org.apache.catalina.core.ApplicationContext.log FiltroPrueba:DoAfterProcessing
27-Nov-2017 15:53:06.910 INFO [http-nio-8080-exec-14] org.apache.catalina.core.ApplicationContext.log FiltroPrueba:doFilter()
27-Nov-2017 15:53:06.910 INFO [http-nio-8080-exec-14] org.apache.catalina.core.ApplicationContext.log FiltroPrueba:DoBeforeProcessing
27-Nov-2017 15:53:07.843 INFO [http-nio-8080-exec-14] org.apache.catalina.core.ApplicationContext.log FiltroPrueba:DoAfterProcessing
27-Nov-2017 15:53:07.890 INFO [http-nio-8080-exec-15] org.apache.catalina.core.ApplicationContext.log FiltroPrueba:doFilter()
27-Nov-2017 15:53:07.890 INFO [http-nio-8080-exec-15] org.apache.catalina.core.ApplicationContext.log FiltroPrueba:DoBeforeProcessing
27-Nov-2017 15:53:07.890 INFO [http-nio-8080-exec-15] org.apache.catalina.core.ApplicationContext.log FiltroPrueba:DoAfterProcessing
27-Nov-2017 15:53:10.740 INFO [http-nio-8080-exec-17] org.apache.catalina.core.ApplicationContext.log FiltroPrueba:doFilter()
27-Nov-2017 15:53:10.740 INFO [http-nio-8080-exec-17] org.apache.catalina.core.ApplicationContext.log FiltroPrueba:DoBeforeProcessing
27-Nov-2017 15:53:11.122 INFO [http-nio-8080-exec-17] org.apache.catalina.core.ApplicationContext.log FiltroPrueba:DoAfterProcessing
27-Nov-2017 15:53:11.262 INFO [http-nio-8080-exec-11] org.apache.catalina.core.ApplicationContext.log FiltroPrueba:doFilter()
27-Nov-2017 15:53:11.262 INFO [http-nio-8080-exec-11] org.apache.catalina.core.ApplicationContext.log FiltroPrueba:DoBeforeProcessing
27-Nov-2017 15:53:11.263 INFO [http-nio-8080-exec-11] org.apache.catalina.core.ApplicationContext.log FiltroPrueba:DoAfterProcessing
27-Nov-2017 15:53:11.279 INFO [http-nio-8080-exec-13] org.apache.catalina.core.ApplicationContext.log FiltroPrueba:doFilter()
27-Nov-2017 15:53:11.279 INFO [http-nio-8080-exec-13] org.apache.catalina.core.ApplicationContext.log FiltroPrueba:DoBeforeProcessing
27-Nov-2017 15:53:11.280 INFO [http-nio-8080-exec-13] org.apache.catalina.core.ApplicationContext.log FiltroPrueba:DoAfterProcessing
27-Nov-2017 15:53:11.283 INFO [http-nio-8080-exec-12] org.apache.catalina.core.ApplicationContext.log FiltroPrueba:doFilter()
27-Nov-2017 15:53:11.283 INFO [http-nio-8080-exec-12] org.apache.catalina.core.ApplicationContext.log FiltroPrueba:DoBeforeProcessing
27-Nov-2017 15:53:11.283 INFO [http-nio-8080-exec-12] org.apache.catalina.core.ApplicationContext.log FiltroPrueba:DoAfterProcessing
27-Nov-2017 15:53:11.287 INFO [http-nio-8080-exec-16] org.apache.catalina.core.ApplicationContext.log FiltroPrueba:doFilter()
27-Nov-2017 15:53:11.287 INFO [http-nio-8080-exec-16] org.apache.catalina.core.ApplicationContext.log FiltroPrueba:DoBeforeProcessing
27-Nov-2017 15:53:11.287 INFO [http-nio-8080-exec-16] org.apache.catalina.core.ApplicationContext.log FiltroPrueba:DoAfterProcessing
27-Nov-2017 15:53:18.669 INFO [http-nio-8080-exec-19] org.apache.catalina.core.ApplicationContext.log FiltroPrueba:doFilter()
27-Nov-2017 15:53:18.670 INFO [http-nio-8080-exec-19] org.apache.catalina.core.ApplicationContext.log FiltroPrueba:DoBeforeProcessing
27-Nov-2017 15:53:19.376 INFO [http-nio-8080-exec-19] org.apache.catalina.core.ApplicationContext.log FiltroPrueba:DoAfterProcessing
27-Nov-2017 15:53:19.870 INFO [http-nio-8080-exec-20] org.apache.catalina.core.ApplicationContext.log FiltroPrueba:doFilter()
27-Nov-2017 15:53:19.871 INFO [http-nio-8080-exec-20] org.apache.catalina.core.ApplicationContext.log FiltroPrueba:DoBeforeProcessing
27-Nov-2017 15:53:19.871 INFO [http-nio-8080-exec-20] org.apache.catalina.core.ApplicationContext.log FiltroPrueba:DoAfterProcessing
27-Nov-2017 16:07:49.379 INFO [http-nio-8080-exec-17] org.apache.catalina.core.ApplicationContext.log FiltroPrueba:doFilter()
27-Nov-2017 16:07:49.379 INFO [http-nio-8080-exec-17] org.apache.catalina.core.ApplicationContext.log FiltroPrueba:DoBeforeProcessing
27-Nov-2017 16:07:50.805 INFO [http-nio-8080-exec-17] org.apache.catalina.core.ApplicationContext.log FiltroPrueba:DoAfterProcessing
27-Nov-2017 16:07:50.894 INFO [http-nio-8080-exec-11] org.apache.catalina.core.ApplicationContext.log FiltroPrueba:doFilter()
27-Nov-2017 16:07:50.895 INFO [http-nio-8080-exec-11] org.apache.catalina.core.ApplicationContext.log FiltroPrueba:DoBeforeProcessing
27-Nov-2017 16:07:50.895 INFO [http-nio-8080-exec-11] org.apache.catalina.core.ApplicationContext.log FiltroPrueba:DoAfterProcessing
27-Nov-2017 16:07:50.899 INFO [http-nio-8080-exec-13] org.apache.catalina.core.ApplicationContext.log FiltroPrueba:doFilter()
27-Nov-2017 16:07:50.899 INFO [http-nio-8080-exec-13] org.apache.catalina.core.ApplicationContext.log FiltroPrueba:DoBeforeProcessing
27-Nov-2017 16:07:50.899 INFO [http-nio-8080-exec-13] org.apache.catalina.core.ApplicationContext.log FiltroPrueba:DoAfterProcessing
27-Nov-2017 16:07:50.902 INFO [http-nio-8080-exec-12] org.apache.catalina.core.ApplicationContext.log FiltroPrueba:doFilter()
27-Nov-2017 16:07:50.902 INFO [http-nio-8080-exec-12] org.apache.catalina.core.ApplicationContext.log FiltroPrueba:DoBeforeProcessing
27-Nov-2017 16:07:50.902 INFO [http-nio-8080-exec-12] org.apache.catalina.core.ApplicationContext.log FiltroPrueba:DoAfterProcessing
27-Nov-2017 16:07:51.063 INFO [http-nio-8080-exec-16] org.apache.catalina.core.ApplicationContext.log FiltroPrueba:doFilter()
27-Nov-2017 16:07:51.064 INFO [http-nio-8080-exec-16] org.apache.catalina.core.ApplicationContext.log FiltroPrueba:DoBeforeProcessing
27-Nov-2017 16:07:51.064 INFO [http-nio-8080-exec-16] org.apache.catalina.core.ApplicationContext.log FiltroPrueba:DoAfterProcessing
27-Nov-2017 16:13:02.211 INFO [http-nio-8080-exec-14] org.apache.catalina.core.ApplicationContext.log FiltroPrueba:doFilter()
27-Nov-2017 16:13:02.212 INFO [http-nio-8080-exec-14] org.apache.catalina.core.ApplicationContext.log FiltroPrueba:DoBeforeProcessing
27-Nov-2017 16:13:03.227 INFO [http-nio-8080-exec-14] org.apache.catalina.core.ApplicationContext.log FiltroPrueba:DoAfterProcessing
27-Nov-2017 16:13:03.281 INFO [http-nio-8080-exec-15] org.apache.catalina.core.ApplicationContext.log FiltroPrueba:doFilter()
27-Nov-2017 16:13:03.281 INFO [http-nio-8080-exec-15] org.apache.catalina.core.ApplicationContext.log FiltroPrueba:DoBeforeProcessing
27-Nov-2017 16:13:03.281 INFO [http-nio-8080-exec-15] org.apache.catalina.core.ApplicationContext.log FiltroPrueba:DoAfterProcessing
27-Nov-2017 16:13:03.286 INFO [http-nio-8080-exec-17] org.apache.catalina.core.ApplicationContext.log FiltroPrueba:doFilter()
27-Nov-2017 16:13:03.286 INFO [http-nio-8080-exec-17] org.apache.catalina.core.ApplicationContext.log FiltroPrueba:DoBeforeProcessing
27-Nov-2017 16:13:03.287 INFO [http-nio-8080-exec-17] org.apache.catalina.core.ApplicationContext.log FiltroPrueba:DoAfterProcessing
27-Nov-2017 16:13:03.311 INFO [http-nio-8080-exec-13] org.apache.catalina.core.ApplicationContext.log FiltroPrueba:doFilter()
27-Nov-2017 16:13:03.311 INFO [http-nio-8080-exec-13] org.apache.catalina.core.ApplicationContext.log FiltroPrueba:DoBeforeProcessing
27-Nov-2017 16:13:03.311 INFO [http-nio-8080-exec-13] org.apache.catalina.core.ApplicationContext.log FiltroPrueba:DoAfterProcessing
27-Nov-2017 16:13:03.315 INFO [http-nio-8080-exec-12] org.apache.catalina.core.ApplicationContext.log FiltroPrueba:doFilter()
27-Nov-2017 16:13:03.315 INFO [http-nio-8080-exec-12] org.apache.catalina.core.ApplicationContext.log FiltroPrueba:DoBeforeProcessing
27-Nov-2017 16:13:03.316 INFO [http-nio-8080-exec-12] org.apache.catalina.core.ApplicationContext.log FiltroPrueba:DoAfterProcessing
27-Nov-2017 16:13:08.862 INFO [http-nio-8080-exec-20] org.apache.catalina.core.ApplicationContext.log FiltroPrueba:doFilter()
27-Nov-2017 16:13:08.863 INFO [http-nio-8080-exec-20] org.apache.catalina.core.ApplicationContext.log FiltroPrueba:DoBeforeProcessing
27-Nov-2017 16:13:09.055 INFO [http-nio-8080-exec-20] org.apache.catalina.core.ApplicationContext.log FiltroPrueba:DoAfterProcessing
27-Nov-2017 16:13:18.843 INFO [http-nio-8080-exec-14] org.apache.catalina.core.ApplicationContext.log FiltroPrueba:doFilter()
27-Nov-2017 16:13:18.844 INFO [http-nio-8080-exec-14] org.apache.catalina.core.ApplicationContext.log FiltroPrueba:DoBeforeProcessing
27-Nov-2017 16:13:19.130 INFO [http-nio-8080-exec-14] org.apache.catalina.core.ApplicationContext.log FiltroPrueba:DoAfterProcessing
27-Nov-2017 16:15:23.883 INFO [http-nio-8080-exec-19] org.apache.catalina.core.ApplicationContext.log FiltroPrueba:Initializing filter
27-Nov-2017 16:16:34.364 INFO [http-nio-8080-exec-13] org.apache.catalina.core.ApplicationContext.log FiltroPrueba:Initializing filter
27-Nov-2017 16:17:06.204 INFO [http-nio-8080-exec-22] org.apache.catalina.core.ApplicationContext.log FiltroPrueba:doFilter()
27-Nov-2017 16:17:06.205 INFO [http-nio-8080-exec-22] org.apache.catalina.core.ApplicationContext.log FiltroPrueba:DoBeforeProcessing
27-Nov-2017 16:17:06.989 INFO [http-nio-8080-exec-22] org.apache.catalina.core.ApplicationContext.log FiltroPrueba:DoAfterProcessing
27-Nov-2017 16:17:08.788 INFO [http-nio-8080-exec-18] org.apache.catalina.core.ApplicationContext.log FiltroPrueba:doFilter()
27-Nov-2017 16:17:08.788 INFO [http-nio-8080-exec-18] org.apache.catalina.core.ApplicationContext.log FiltroPrueba:DoBeforeProcessing
27-Nov-2017 16:17:08.788 INFO [http-nio-8080-exec-18] org.apache.catalina.core.ApplicationContext.log FiltroPrueba:DoAfterProcessing
27-Nov-2017 20:31:56.712 INFO [http-nio-8080-exec-23] org.apache.catalina.core.ApplicationContext.log FiltroPrueba:doFilter()
27-Nov-2017 20:31:56.712 INFO [http-nio-8080-exec-23] org.apache.catalina.core.ApplicationContext.log FiltroPrueba:DoBeforeProcessing
27-Nov-2017 20:31:57.731 INFO [http-nio-8080-exec-23] org.apache.catalina.core.ApplicationContext.log FiltroPrueba:DoAfterProcessing
27-Nov-2017 20:31:58.070 INFO [http-nio-8080-exec-24] org.apache.catalina.core.ApplicationContext.log FiltroPrueba:doFilter()
27-Nov-2017 20:31:58.070 INFO [http-nio-8080-exec-24] org.apache.catalina.core.ApplicationContext.log FiltroPrueba:DoBeforeProcessing
27-Nov-2017 20:31:58.071 INFO [http-nio-8080-exec-24] org.apache.catalina.core.ApplicationContext.log FiltroPrueba:DoAfterProcessing
27-Nov-2017 20:31:58.451 INFO [http-nio-8080-exec-26] org.apache.catalina.core.ApplicationContext.log FiltroPrueba:doFilter()
27-Nov-2017 20:31:58.451 INFO [http-nio-8080-exec-26] org.apache.catalina.core.ApplicationContext.log FiltroPrueba:DoBeforeProcessing
27-Nov-2017 20:31:58.453 INFO [http-nio-8080-exec-25] org.apache.catalina.core.ApplicationContext.log FiltroPrueba:doFilter()
27-Nov-2017 20:31:58.453 INFO [http-nio-8080-exec-25] org.apache.catalina.core.ApplicationContext.log FiltroPrueba:DoBeforeProcessing
27-Nov-2017 20:31:58.454 INFO [http-nio-8080-exec-25] org.apache.catalina.core.ApplicationContext.log FiltroPrueba:DoAfterProcessing
27-Nov-2017 20:31:58.465 INFO [http-nio-8080-exec-27] org.apache.catalina.core.ApplicationContext.log FiltroPrueba:doFilter()
27-Nov-2017 20:31:58.465 INFO [http-nio-8080-exec-27] org.apache.catalina.core.ApplicationContext.log FiltroPrueba:DoBeforeProcessing
27-Nov-2017 20:31:58.467 INFO [http-nio-8080-exec-27] org.apache.catalina.core.ApplicationContext.log FiltroPrueba:DoAfterProcessing
27-Nov-2017 20:31:58.498 INFO [http-nio-8080-exec-26] org.apache.catalina.core.ApplicationContext.log FiltroPrueba:DoAfterProcessing
27-Nov-2017 20:32:00.570 INFO [http-nio-8080-exec-29] org.apache.catalina.core.ApplicationContext.log FiltroPrueba:doFilter()
27-Nov-2017 20:32:00.570 INFO [http-nio-8080-exec-29] org.apache.catalina.core.ApplicationContext.log FiltroPrueba:DoBeforeProcessing
27-Nov-2017 20:32:00.573 INFO [http-nio-8080-exec-29] org.apache.catalina.core.ApplicationContext.log FiltroPrueba:DoAfterProcessing
27-Nov-2017 20:32:00.638 INFO [http-nio-8080-exec-30] org.apache.catalina.core.ApplicationContext.log FiltroPrueba:doFilter()
27-Nov-2017 20:32:00.638 INFO [http-nio-8080-exec-30] org.apache.catalina.core.ApplicationContext.log FiltroPrueba:DoBeforeProcessing
27-Nov-2017 20:32:00.638 INFO [http-nio-8080-exec-30] org.apache.catalina.core.ApplicationContext.log FiltroPrueba:DoAfterProcessing
27-Nov-2017 20:32:03.282 INFO [http-nio-8080-exec-31] org.apache.catalina.core.ApplicationContext.log FiltroPrueba:doFilter()
27-Nov-2017 20:32:03.282 INFO [http-nio-8080-exec-31] org.apache.catalina.core.ApplicationContext.log FiltroPrueba:DoBeforeProcessing
27-Nov-2017 20:32:03.454 INFO [http-nio-8080-exec-31] org.apache.catalina.core.ApplicationContext.log FiltroPrueba:DoAfterProcessing
27-Nov-2017 20:32:30.797 INFO [http-nio-8080-exec-32] org.apache.catalina.core.ApplicationContext.log FiltroPrueba:doFilter()
27-Nov-2017 20:32:30.797 INFO [http-nio-8080-exec-32] org.apache.catalina.core.ApplicationContext.log FiltroPrueba:DoBeforeProcessing
27-Nov-2017 20:32:34.412 INFO [http-nio-8080-exec-32] org.apache.catalina.core.ApplicationContext.log FiltroPrueba:DoAfterProcessing
27-Nov-2017 20:32:47.603 INFO [http-nio-8080-exec-24] org.apache.catalina.core.ApplicationContext.log FiltroPrueba:doFilter()
27-Nov-2017 20:32:47.603 INFO [http-nio-8080-exec-24] org.apache.catalina.core.ApplicationContext.log FiltroPrueba:DoBeforeProcessing
27-Nov-2017 20:32:48.134 INFO [http-nio-8080-exec-24] org.apache.catalina.core.ApplicationContext.log FiltroPrueba:DoAfterProcessing
27-Nov-2017 20:32:48.267 INFO [http-nio-8080-exec-26] org.apache.catalina.core.ApplicationContext.log FiltroPrueba:doFilter()
27-Nov-2017 20:32:48.267 INFO [http-nio-8080-exec-26] org.apache.catalina.core.ApplicationContext.log FiltroPrueba:DoBeforeProcessing
27-Nov-2017 20:32:48.267 INFO [http-nio-8080-exec-26] org.apache.catalina.core.ApplicationContext.log FiltroPrueba:DoAfterProcessing
27-Nov-2017 20:33:00.129 INFO [http-nio-8080-exec-25] org.apache.catalina.core.ApplicationContext.log FiltroPrueba:doFilter()
27-Nov-2017 20:33:00.129 INFO [http-nio-8080-exec-25] org.apache.catalina.core.ApplicationContext.log FiltroPrueba:DoBeforeProcessing
27-Nov-2017 20:33:00.135 INFO [http-nio-8080-exec-25] org.apache.catalina.core.ApplicationContext.log FiltroPrueba:DoAfterProcessing
27-Nov-2017 20:33:04.705 INFO [http-nio-8080-exec-27] org.apache.catalina.core.ApplicationContext.log FiltroPrueba:doFilter()
27-Nov-2017 20:33:04.705 INFO [http-nio-8080-exec-27] org.apache.catalina.core.ApplicationContext.log FiltroPrueba:DoBeforeProcessing
27-Nov-2017 20:33:05.012 INFO [http-nio-8080-exec-27] org.apache.catalina.core.ApplicationContext.log FiltroPrueba:DoAfterProcessing
27-Nov-2017 20:33:05.187 INFO [http-nio-8080-exec-28] org.apache.catalina.core.ApplicationContext.log FiltroPrueba:doFilter()
27-Nov-2017 20:33:05.188 INFO [http-nio-8080-exec-28] org.apache.catalina.core.ApplicationContext.log FiltroPrueba:DoBeforeProcessing
27-Nov-2017 20:33:05.188 INFO [http-nio-8080-exec-28] org.apache.catalina.core.ApplicationContext.log FiltroPrueba:DoAfterProcessing
27-Nov-2017 20:33:14.702 INFO [http-nio-8080-exec-29] org.apache.catalina.core.ApplicationContext.log FiltroPrueba:doFilter()
27-Nov-2017 20:33:14.702 INFO [http-nio-8080-exec-29] org.apache.catalina.core.ApplicationContext.log FiltroPrueba:DoBeforeProcessing
27-Nov-2017 20:33:14.871 INFO [http-nio-8080-exec-29] org.apache.catalina.core.ApplicationContext.log FiltroPrueba:DoAfterProcessing
27-Nov-2017 20:33:26.679 INFO [http-nio-8080-exec-30] org.apache.catalina.core.ApplicationContext.log FiltroPrueba:doFilter()
27-Nov-2017 20:33:26.679 INFO [http-nio-8080-exec-30] org.apache.catalina.core.ApplicationContext.log FiltroPrueba:DoBeforeProcessing
27-Nov-2017 20:33:27.267 INFO [http-nio-8080-exec-30] org.apache.catalina.core.ApplicationContext.log FiltroPrueba:DoAfterProcessing
27-Nov-2017 20:40:12.391 INFO [localhost-startStop-2] org.apache.catalina.core.ApplicationContext.log SessionListener: contextDestroyed()
27-Nov-2017 20:40:12.395 INFO [localhost-startStop-2] org.apache.catalina.core.ApplicationContext.log ContextListener: contextDestroyed()
27-Nov-2017 20:40:30.547 INFO [localhost-startStop-1] org.apache.catalina.core.ApplicationContext.log FiltroPrueba:Initializing filter
27-Nov-2017 20:40:31.961 INFO [localhost-startStop-1] org.apache.catalina.core.ApplicationContext.log ContextListener: contextInitialized()
27-Nov-2017 20:40:31.973 INFO [localhost-startStop-1] org.apache.catalina.core.ApplicationContext.log SessionListener: contextInitialized()
27-Nov-2017 20:40:41.478 INFO [http-nio-8080-exec-4] org.apache.catalina.core.ApplicationContext.log FiltroPrueba:Initializing filter
27-Nov-2017 20:40:44.355 INFO [http-nio-8080-exec-7] org.apache.catalina.core.ApplicationContext.log FiltroPrueba:doFilter()
27-Nov-2017 20:40:44.356 INFO [http-nio-8080-exec-7] org.apache.catalina.core.ApplicationContext.log FiltroPrueba:DoBeforeProcessing
27-Nov-2017 20:40:48.652 INFO [http-nio-8080-exec-7] org.apache.catalina.core.ApplicationContext.log FiltroPrueba:DoAfterProcessing
27-Nov-2017 20:40:48.981 INFO [http-nio-8080-exec-9] org.apache.catalina.core.ApplicationContext.log FiltroPrueba:doFilter()
27-Nov-2017 20:40:48.981 INFO [http-nio-8080-exec-9] org.apache.catalina.core.ApplicationContext.log FiltroPrueba:DoBeforeProcessing
27-Nov-2017 20:40:48.981 INFO [http-nio-8080-exec-9] org.apache.catalina.core.ApplicationContext.log FiltroPrueba:DoAfterProcessing
27-Nov-2017 20:40:50.659 INFO [http-nio-8080-exec-8] org.apache.catalina.core.ApplicationContext.log FiltroPrueba:doFilter()
27-Nov-2017 20:40:50.660 INFO [http-nio-8080-exec-8] org.apache.catalina.core.ApplicationContext.log FiltroPrueba:DoBeforeProcessing
27-Nov-2017 20:40:51.286 INFO [http-nio-8080-exec-8] org.apache.catalina.core.ApplicationContext.log FiltroPrueba:DoAfterProcessing
27-Nov-2017 20:40:57.071 INFO [http-nio-8080-exec-5] org.apache.catalina.core.ApplicationContext.log FiltroPrueba:doFilter()
27-Nov-2017 20:40:57.072 INFO [http-nio-8080-exec-5] org.apache.catalina.core.ApplicationContext.log FiltroPrueba:DoBeforeProcessing
27-Nov-2017 20:41:01.005 INFO [http-nio-8080-exec-5] org.apache.catalina.core.ApplicationContext.log FiltroPrueba:DoAfterProcessing
27-Nov-2017 20:41:01.093 INFO [http-nio-8080-exec-3] org.apache.catalina.core.ApplicationContext.log FiltroPrueba:doFilter()
27-Nov-2017 20:41:01.093 INFO [http-nio-8080-exec-3] org.apache.catalina.core.ApplicationContext.log FiltroPrueba:DoBeforeProcessing
27-Nov-2017 20:41:01.094 INFO [http-nio-8080-exec-3] org.apache.catalina.core.ApplicationContext.log FiltroPrueba:DoAfterProcessing
27-Nov-2017 20:41:08.289 INFO [http-nio-8080-exec-12] org.apache.catalina.core.ApplicationContext.log FiltroPrueba:doFilter()
27-Nov-2017 20:41:08.289 INFO [http-nio-8080-exec-12] org.apache.catalina.core.ApplicationContext.log FiltroPrueba:DoBeforeProcessing
27-Nov-2017 20:41:08.707 INFO [http-nio-8080-exec-12] org.apache.catalina.core.ApplicationContext.log FiltroPrueba:DoAfterProcessing
27-Nov-2017 20:41:15.722 INFO [http-nio-8080-exec-6] org.apache.catalina.core.ApplicationContext.log FiltroPrueba:doFilter()
27-Nov-2017 20:41:15.723 INFO [http-nio-8080-exec-6] org.apache.catalina.core.ApplicationContext.log FiltroPrueba:DoBeforeProcessing
27-Nov-2017 20:49:56.766 INFO [http-nio-8080-exec-6] org.apache.catalina.core.ApplicationContext.log FiltroPrueba:DoAfterProcessing
27-Nov-2017 20:55:52.961 INFO [http-nio-8080-exec-18] org.apache.catalina.core.ApplicationContext.log FiltroPrueba:Initializing filter
27-Nov-2017 21:00:49.441 INFO [http-nio-8080-exec-17] org.apache.catalina.core.ApplicationContext.log FiltroPrueba:Initializing filter
27-Nov-2017 21:00:52.576 INFO [http-nio-8080-exec-23] org.apache.catalina.core.ApplicationContext.log FiltroPrueba:Initializing filter
27-Nov-2017 21:01:54.548 INFO [http-nio-8080-exec-21] org.apache.catalina.core.ApplicationContext.log FiltroPrueba:Initializing filter
27-Nov-2017 21:02:26.787 INFO [http-nio-8080-exec-25] org.apache.catalina.core.ApplicationContext.log FiltroPrueba:Initializing filter
27-Nov-2017 21:02:32.123 INFO [http-nio-8080-exec-28] org.apache.catalina.core.ApplicationContext.log FiltroPrueba:Initializing filter
27-Nov-2017 21:03:29.184 INFO [http-nio-8080-exec-29] org.apache.catalina.core.ApplicationContext.log FiltroPrueba:Initializing filter
27-Nov-2017 21:04:55.146 INFO [http-nio-8080-exec-43] org.apache.catalina.core.ApplicationContext.log FiltroPrueba:Initializing filter
27-Nov-2017 21:04:58.930 INFO [http-nio-8080-exec-39] org.apache.catalina.core.ApplicationContext.log FiltroPrueba:Initializing filter
27-Nov-2017 21:05:16.535 INFO [http-nio-8080-exec-44] org.apache.catalina.core.ApplicationContext.log FiltroPrueba:Initializing filter
27-Nov-2017 21:06:10.924 INFO [http-nio-8080-exec-54] org.apache.catalina.core.ApplicationContext.log FiltroPrueba:Initializing filter
27-Nov-2017 21:06:24.728 INFO [http-nio-8080-exec-37] org.apache.catalina.core.ApplicationContext.log FiltroPrueba:doFilter()
27-Nov-2017 21:06:24.729 INFO [http-nio-8080-exec-37] org.apache.catalina.core.ApplicationContext.log FiltroPrueba:DoBeforeProcessing
27-Nov-2017 21:06:26.802 INFO [http-nio-8080-exec-37] org.apache.catalina.core.ApplicationContext.log FiltroPrueba:DoAfterProcessing
27-Nov-2017 21:06:27.275 INFO [http-nio-8080-exec-51] org.apache.catalina.core.ApplicationContext.log FiltroPrueba:doFilter()
27-Nov-2017 21:06:27.275 INFO [http-nio-8080-exec-51] org.apache.catalina.core.ApplicationContext.log FiltroPrueba:DoBeforeProcessing
27-Nov-2017 21:06:27.275 INFO [http-nio-8080-exec-51] org.apache.catalina.core.ApplicationContext.log FiltroPrueba:DoAfterProcessing
27-Nov-2017 21:08:39.959 INFO [http-nio-8080-exec-53] org.apache.catalina.core.ApplicationContext.log FiltroPrueba:doFilter()
27-Nov-2017 21:08:39.959 INFO [http-nio-8080-exec-53] org.apache.catalina.core.ApplicationContext.log FiltroPrueba:DoBeforeProcessing
27-Nov-2017 21:08:40.509 INFO [http-nio-8080-exec-53] org.apache.catalina.core.ApplicationContext.log FiltroPrueba:DoAfterProcessing
27-Nov-2017 21:08:40.585 INFO [http-nio-8080-exec-54] org.apache.catalina.core.ApplicationContext.log FiltroPrueba:doFilter()
27-Nov-2017 21:08:40.585 INFO [http-nio-8080-exec-54] org.apache.catalina.core.ApplicationContext.log FiltroPrueba:DoBeforeProcessing
27-Nov-2017 21:08:40.588 INFO [http-nio-8080-exec-55] org.apache.catalina.core.ApplicationContext.log FiltroPrueba:doFilter()
27-Nov-2017 21:08:40.588 INFO [http-nio-8080-exec-55] org.apache.catalina.core.ApplicationContext.log FiltroPrueba:DoBeforeProcessing
27-Nov-2017 21:08:40.598 INFO [http-nio-8080-exec-57] org.apache.catalina.core.ApplicationContext.log FiltroPrueba:doFilter()
27-Nov-2017 21:08:40.598 INFO [http-nio-8080-exec-57] org.apache.catalina.core.ApplicationContext.log FiltroPrueba:DoBeforeProcessing
27-Nov-2017 21:08:40.600 INFO [http-nio-8080-exec-56] org.apache.catalina.core.ApplicationContext.log FiltroPrueba:doFilter()
27-Nov-2017 21:08:40.600 INFO [http-nio-8080-exec-56] org.apache.catalina.core.ApplicationContext.log FiltroPrueba:DoBeforeProcessing
27-Nov-2017 21:08:40.957 INFO [http-nio-8080-exec-54] org.apache.catalina.core.ApplicationContext.log FiltroPrueba:DoAfterProcessing
27-Nov-2017 21:08:40.960 INFO [http-nio-8080-exec-57] org.apache.catalina.core.ApplicationContext.log FiltroPrueba:DoAfterProcessing
27-Nov-2017 21:08:40.961 INFO [http-nio-8080-exec-56] org.apache.catalina.core.ApplicationContext.log FiltroPrueba:DoAfterProcessing
27-Nov-2017 21:08:40.993 INFO [http-nio-8080-exec-55] org.apache.catalina.core.ApplicationContext.log FiltroPrueba:DoAfterProcessing
27-Nov-2017 21:08:46.889 INFO [http-nio-8080-exec-59] org.apache.catalina.core.ApplicationContext.log FiltroPrueba:doFilter()
27-Nov-2017 21:08:46.889 INFO [http-nio-8080-exec-59] org.apache.catalina.core.ApplicationContext.log FiltroPrueba:DoBeforeProcessing
27-Nov-2017 21:08:49.313 INFO [http-nio-8080-exec-59] org.apache.catalina.core.ApplicationContext.log FiltroPrueba:DoAfterProcessing
27-Nov-2017 21:08:49.467 INFO [http-nio-8080-exec-60] org.apache.catalina.core.ApplicationContext.log FiltroPrueba:doFilter()
27-Nov-2017 21:08:49.467 INFO [http-nio-8080-exec-60] org.apache.catalina.core.ApplicationContext.log FiltroPrueba:DoBeforeProcessing
27-Nov-2017 21:08:49.468 INFO [http-nio-8080-exec-60] org.apache.catalina.core.ApplicationContext.log FiltroPrueba:DoAfterProcessing
27-Nov-2017 21:08:52.921 INFO [http-nio-8080-exec-61] org.apache.catalina.core.ApplicationContext.log FiltroPrueba:doFilter()
27-Nov-2017 21:08:52.921 INFO [http-nio-8080-exec-61] org.apache.catalina.core.ApplicationContext.log FiltroPrueba:DoBeforeProcessing
27-Nov-2017 21:08:53.069 INFO [http-nio-8080-exec-61] org.apache.catalina.core.ApplicationContext.log FiltroPrueba:DoAfterProcessing
27-Nov-2017 21:09:11.696 INFO [http-nio-8080-exec-53] org.apache.catalina.core.ApplicationContext.log FiltroPrueba:doFilter()
27-Nov-2017 21:09:11.696 INFO [http-nio-8080-exec-53] org.apache.catalina.core.ApplicationContext.log FiltroPrueba:DoBeforeProcessing
27-Nov-2017 21:09:13.739 INFO [http-nio-8080-exec-53] org.apache.catalina.core.ApplicationContext.log FiltroPrueba:DoAfterProcessing
27-Nov-2017 21:09:13.828 INFO [http-nio-8080-exec-55] org.apache.catalina.core.ApplicationContext.log FiltroPrueba:doFilter()
27-Nov-2017 21:09:13.828 INFO [http-nio-8080-exec-55] org.apache.catalina.core.ApplicationContext.log FiltroPrueba:DoBeforeProcessing
27-Nov-2017 21:09:13.831 INFO [http-nio-8080-exec-55] org.apache.catalina.core.ApplicationContext.log FiltroPrueba:DoAfterProcessing
27-Nov-2017 21:09:13.838 INFO [http-nio-8080-exec-57] org.apache.catalina.core.ApplicationContext.log FiltroPrueba:doFilter()
27-Nov-2017 21:09:13.838 INFO [http-nio-8080-exec-57] org.apache.catalina.core.ApplicationContext.log FiltroPrueba:DoBeforeProcessing
27-Nov-2017 21:09:13.839 INFO [http-nio-8080-exec-57] org.apache.catalina.core.ApplicationContext.log FiltroPrueba:DoAfterProcessing
27-Nov-2017 21:09:13.844 INFO [http-nio-8080-exec-56] org.apache.catalina.core.ApplicationContext.log FiltroPrueba:doFilter()
27-Nov-2017 21:09:13.844 INFO [http-nio-8080-exec-56] org.apache.catalina.core.ApplicationContext.log FiltroPrueba:DoBeforeProcessing
27-Nov-2017 21:09:13.845 INFO [http-nio-8080-exec-56] org.apache.catalina.core.ApplicationContext.log FiltroPrueba:DoAfterProcessing
27-Nov-2017 21:09:13.846 INFO [http-nio-8080-exec-56] org.apache.catalina.core.ApplicationContext.log FiltroPrueba:doFilter()
27-Nov-2017 21:09:13.847 INFO [http-nio-8080-exec-56] org.apache.catalina.core.ApplicationContext.log FiltroPrueba:DoBeforeProcessing
27-Nov-2017 21:09:13.847 INFO [http-nio-8080-exec-56] org.apache.catalina.core.ApplicationContext.log FiltroPrueba:DoAfterProcessing
27-Nov-2017 21:09:21.872 INFO [http-nio-8080-exec-60] org.apache.catalina.core.ApplicationContext.log FiltroPrueba:doFilter()
27-Nov-2017 21:09:21.874 INFO [http-nio-8080-exec-60] org.apache.catalina.core.ApplicationContext.log FiltroPrueba:DoBeforeProcessing
27-Nov-2017 21:09:22.670 INFO [http-nio-8080-exec-60] org.apache.catalina.core.ApplicationContext.log FiltroPrueba:DoAfterProcessing
27-Nov-2017 21:09:22.810 INFO [http-nio-8080-exec-61] org.apache.catalina.core.ApplicationContext.log FiltroPrueba:doFilter()
27-Nov-2017 21:09:22.810 INFO [http-nio-8080-exec-61] org.apache.catalina.core.ApplicationContext.log FiltroPrueba:DoBeforeProcessing
27-Nov-2017 21:09:22.811 INFO [http-nio-8080-exec-61] org.apache.catalina.core.ApplicationContext.log FiltroPrueba:DoAfterProcessing
27-Nov-2017 21:09:24.809 INFO [http-nio-8080-exec-62] org.apache.catalina.core.ApplicationContext.log FiltroPrueba:doFilter()
27-Nov-2017 21:09:24.809 INFO [http-nio-8080-exec-62] org.apache.catalina.core.ApplicationContext.log FiltroPrueba:DoBeforeProcessing
27-Nov-2017 21:09:24.812 INFO [http-nio-8080-exec-62] org.apache.catalina.core.ApplicationContext.log FiltroPrueba:DoAfterProcessing
27-Nov-2017 21:09:29.611 INFO [http-nio-8080-exec-53] org.apache.catalina.core.ApplicationContext.log FiltroPrueba:doFilter()
27-Nov-2017 21:09:29.611 INFO [http-nio-8080-exec-53] org.apache.catalina.core.ApplicationContext.log FiltroPrueba:DoBeforeProcessing
27-Nov-2017 21:09:30.268 INFO [http-nio-8080-exec-53] org.apache.catalina.core.ApplicationContext.log FiltroPrueba:DoAfterProcessing
27-Nov-2017 21:09:30.495 INFO [http-nio-8080-exec-55] org.apache.catalina.core.ApplicationContext.log FiltroPrueba:doFilter()
27-Nov-2017 21:09:30.495 INFO [http-nio-8080-exec-55] org.apache.catalina.core.ApplicationContext.log FiltroPrueba:DoBeforeProcessing
27-Nov-2017 21:09:30.495 INFO [http-nio-8080-exec-55] org.apache.catalina.core.ApplicationContext.log FiltroPrueba:DoAfterProcessing
27-Nov-2017 21:09:34.692 INFO [http-nio-8080-exec-57] org.apache.catalina.core.ApplicationContext.log FiltroPrueba:doFilter()
27-Nov-2017 21:09:34.692 INFO [http-nio-8080-exec-57] org.apache.catalina.core.ApplicationContext.log FiltroPrueba:DoBeforeProcessing
27-Nov-2017 21:09:34.843 INFO [http-nio-8080-exec-57] org.apache.catalina.core.ApplicationContext.log FiltroPrueba:DoAfterProcessing
27-Nov-2017 21:09:34.938 INFO [http-nio-8080-exec-56] org.apache.catalina.core.ApplicationContext.log FiltroPrueba:doFilter()
27-Nov-2017 21:09:34.938 INFO [http-nio-8080-exec-56] org.apache.catalina.core.ApplicationContext.log FiltroPrueba:DoBeforeProcessing
27-Nov-2017 21:09:34.939 INFO [http-nio-8080-exec-56] org.apache.catalina.core.ApplicationContext.log FiltroPrueba:DoAfterProcessing
27-Nov-2017 21:09:34.945 INFO [http-nio-8080-exec-54] org.apache.catalina.core.ApplicationContext.log FiltroPrueba:doFilter()
27-Nov-2017 21:09:34.945 INFO [http-nio-8080-exec-54] org.apache.catalina.core.ApplicationContext.log FiltroPrueba:DoBeforeProcessing
27-Nov-2017 21:09:34.945 INFO [http-nio-8080-exec-54] org.apache.catalina.core.ApplicationContext.log FiltroPrueba:DoAfterProcessing
27-Nov-2017 21:09:40.876 INFO [http-nio-8080-exec-58] org.apache.catalina.core.ApplicationContext.log FiltroPrueba:doFilter()
27-Nov-2017 21:09:40.876 INFO [http-nio-8080-exec-58] org.apache.catalina.core.ApplicationContext.log FiltroPrueba:DoBeforeProcessing
27-Nov-2017 21:09:41.314 INFO [http-nio-8080-exec-58] org.apache.catalina.core.ApplicationContext.log FiltroPrueba:DoAfterProcessing
27-Nov-2017 21:09:41.488 INFO [http-nio-8080-exec-59] org.apache.catalina.core.ApplicationContext.log FiltroPrueba:doFilter()
27-Nov-2017 21:09:41.488 INFO [http-nio-8080-exec-59] org.apache.catalina.core.ApplicationContext.log FiltroPrueba:DoBeforeProcessing
27-Nov-2017 21:09:41.488 INFO [http-nio-8080-exec-59] org.apache.catalina.core.ApplicationContext.log FiltroPrueba:DoAfterProcessing
27-Nov-2017 21:09:41.492 INFO [http-nio-8080-exec-60] org.apache.catalina.core.ApplicationContext.log FiltroPrueba:doFilter()
27-Nov-2017 21:09:41.493 INFO [http-nio-8080-exec-60] org.apache.catalina.core.ApplicationContext.log FiltroPrueba:DoBeforeProcessing
27-Nov-2017 21:09:41.493 INFO [http-nio-8080-exec-60] org.apache.catalina.core.ApplicationContext.log FiltroPrueba:DoAfterProcessing
27-Nov-2017 21:09:46.272 INFO [http-nio-8080-exec-61] org.apache.catalina.core.ApplicationContext.log FiltroPrueba:doFilter()
27-Nov-2017 21:09:46.273 INFO [http-nio-8080-exec-61] org.apache.catalina.core.ApplicationContext.log FiltroPrueba:DoBeforeProcessing
27-Nov-2017 21:09:46.629 INFO [http-nio-8080-exec-61] org.apache.catalina.core.ApplicationContext.log FiltroPrueba:DoAfterProcessing
27-Nov-2017 21:09:46.677 INFO [http-nio-8080-exec-53] org.apache.catalina.core.ApplicationContext.log FiltroPrueba:doFilter()
27-Nov-2017 21:09:46.677 INFO [http-nio-8080-exec-53] org.apache.catalina.core.ApplicationContext.log FiltroPrueba:DoBeforeProcessing
27-Nov-2017 21:09:46.678 INFO [http-nio-8080-exec-53] org.apache.catalina.core.ApplicationContext.log FiltroPrueba:DoAfterProcessing
27-Nov-2017 21:09:52.186 INFO [http-nio-8080-exec-55] org.apache.catalina.core.ApplicationContext.log FiltroPrueba:doFilter()
27-Nov-2017 21:09:52.187 INFO [http-nio-8080-exec-55] org.apache.catalina.core.ApplicationContext.log FiltroPrueba:DoBeforeProcessing
27-Nov-2017 21:09:53.598 INFO [http-nio-8080-exec-55] org.apache.catalina.core.ApplicationContext.log FiltroPrueba:DoAfterProcessing
27-Nov-2017 21:27:46.276 INFO [http-nio-8080-exec-63] org.apache.catalina.core.ApplicationContext.log FiltroPrueba:Initializing filter
27-Nov-2017 21:27:56.819 INFO [http-nio-8080-exec-67] org.apache.catalina.core.ApplicationContext.log FiltroPrueba:doFilter()
27-Nov-2017 21:27:56.820 INFO [http-nio-8080-exec-67] org.apache.catalina.core.ApplicationContext.log FiltroPrueba:DoBeforeProcessing
27-Nov-2017 21:27:57.798 INFO [http-nio-8080-exec-67] org.apache.catalina.core.ApplicationContext.log FiltroPrueba:DoAfterProcessing
27-Nov-2017 21:27:58.260 INFO [http-nio-8080-exec-69] org.apache.catalina.core.ApplicationContext.log FiltroPrueba:doFilter()
27-Nov-2017 21:27:58.260 INFO [http-nio-8080-exec-69] org.apache.catalina.core.ApplicationContext.log FiltroPrueba:DoBeforeProcessing
27-Nov-2017 21:27:58.261 INFO [http-nio-8080-exec-69] org.apache.catalina.core.ApplicationContext.log FiltroPrueba:DoAfterProcessing
27-Nov-2017 21:28:01.089 INFO [http-nio-8080-exec-70] org.apache.catalina.core.ApplicationContext.log FiltroPrueba:doFilter()
27-Nov-2017 21:28:01.089 INFO [http-nio-8080-exec-70] org.apache.catalina.core.ApplicationContext.log FiltroPrueba:DoBeforeProcessing
27-Nov-2017 21:28:04.987 INFO [http-nio-8080-exec-70] org.apache.catalina.core.ApplicationContext.log FiltroPrueba:DoAfterProcessing
27-Nov-2017 21:28:05.122 INFO [http-nio-8080-exec-68] org.apache.catalina.core.ApplicationContext.log FiltroPrueba:doFilter()
27-Nov-2017 21:28:05.122 INFO [http-nio-8080-exec-68] org.apache.catalina.core.ApplicationContext.log FiltroPrueba:DoBeforeProcessing
27-Nov-2017 21:28:05.123 INFO [http-nio-8080-exec-68] org.apache.catalina.core.ApplicationContext.log FiltroPrueba:DoAfterProcessing
27-Nov-2017 21:28:05.127 INFO [http-nio-8080-exec-71] org.apache.catalina.core.ApplicationContext.log FiltroPrueba:doFilter()
27-Nov-2017 21:28:05.127 INFO [http-nio-8080-exec-71] org.apache.catalina.core.ApplicationContext.log FiltroPrueba:DoBeforeProcessing
27-Nov-2017 21:28:05.128 INFO [http-nio-8080-exec-72] org.apache.catalina.core.ApplicationContext.log FiltroPrueba:doFilter()
27-Nov-2017 21:28:05.128 INFO [http-nio-8080-exec-72] org.apache.catalina.core.ApplicationContext.log FiltroPrueba:DoBeforeProcessing
27-Nov-2017 21:28:05.130 INFO [http-nio-8080-exec-63] org.apache.catalina.core.ApplicationContext.log FiltroPrueba:doFilter()
27-Nov-2017 21:28:05.130 INFO [http-nio-8080-exec-63] org.apache.catalina.core.ApplicationContext.log FiltroPrueba:DoBeforeProcessing
27-Nov-2017 21:28:05.131 INFO [http-nio-8080-exec-63] org.apache.catalina.core.ApplicationContext.log FiltroPrueba:DoAfterProcessing
27-Nov-2017 21:28:05.132 INFO [http-nio-8080-exec-72] org.apache.catalina.core.ApplicationContext.log FiltroPrueba:DoAfterProcessing
27-Nov-2017 21:28:05.702 INFO [http-nio-8080-exec-71] org.apache.catalina.core.ApplicationContext.log FiltroPrueba:DoAfterProcessing
27-Nov-2017 21:28:10.586 INFO [http-nio-8080-exec-66] org.apache.catalina.core.ApplicationContext.log FiltroPrueba:doFilter()
27-Nov-2017 21:28:10.586 INFO [http-nio-8080-exec-66] org.apache.catalina.core.ApplicationContext.log FiltroPrueba:DoBeforeProcessing
27-Nov-2017 21:28:13.590 INFO [http-nio-8080-exec-66] org.apache.catalina.core.ApplicationContext.log FiltroPrueba:DoAfterProcessing
27-Nov-2017 21:28:13.646 INFO [http-nio-8080-exec-67] org.apache.catalina.core.ApplicationContext.log FiltroPrueba:doFilter()
27-Nov-2017 21:28:13.646 INFO [http-nio-8080-exec-67] org.apache.catalina.core.ApplicationContext.log FiltroPrueba:DoBeforeProcessing
27-Nov-2017 21:28:13.646 INFO [http-nio-8080-exec-67] org.apache.catalina.core.ApplicationContext.log FiltroPrueba:DoAfterProcessing
27-Nov-2017 21:28:20.193 INFO [http-nio-8080-exec-69] org.apache.catalina.core.ApplicationContext.log FiltroPrueba:doFilter()
27-Nov-2017 21:28:20.194 INFO [http-nio-8080-exec-69] org.apache.catalina.core.ApplicationContext.log FiltroPrueba:DoBeforeProcessing
27-Nov-2017 21:28:20.318 INFO [http-nio-8080-exec-69] org.apache.catalina.core.ApplicationContext.log FiltroPrueba:DoAfterProcessing
27-Nov-2017 21:28:26.620 INFO [http-nio-8080-exec-70] org.apache.catalina.core.ApplicationContext.log FiltroPrueba:doFilter()
27-Nov-2017 21:28:26.620 INFO [http-nio-8080-exec-70] org.apache.catalina.core.ApplicationContext.log FiltroPrueba:DoBeforeProcessing
27-Nov-2017 21:28:28.969 INFO [http-nio-8080-exec-70] org.apache.catalina.core.ApplicationContext.log FiltroPrueba:DoAfterProcessing
27-Nov-2017 21:28:34.125 INFO [http-nio-8080-exec-68] org.apache.catalina.core.ApplicationContext.log FiltroPrueba:doFilter()
27-Nov-2017 21:28:34.125 INFO [http-nio-8080-exec-68] org.apache.catalina.core.ApplicationContext.log FiltroPrueba:DoBeforeProcessing
27-Nov-2017 21:28:34.404 INFO [http-nio-8080-exec-68] org.apache.catalina.core.ApplicationContext.log FiltroPrueba:DoAfterProcessing
27-Nov-2017 21:28:34.479 INFO [http-nio-8080-exec-71] org.apache.catalina.core.ApplicationContext.log FiltroPrueba:doFilter()
27-Nov-2017 21:28:34.479 INFO [http-nio-8080-exec-71] org.apache.catalina.core.ApplicationContext.log FiltroPrueba:DoBeforeProcessing
27-Nov-2017 21:28:34.480 INFO [http-nio-8080-exec-71] org.apache.catalina.core.ApplicationContext.log FiltroPrueba:DoAfterProcessing
27-Nov-2017 21:28:41.300 INFO [http-nio-8080-exec-72] org.apache.catalina.core.ApplicationContext.log FiltroPrueba:doFilter()
27-Nov-2017 21:28:41.301 INFO [http-nio-8080-exec-72] org.apache.catalina.core.ApplicationContext.log FiltroPrueba:DoBeforeProcessing
27-Nov-2017 21:28:41.842 INFO [http-nio-8080-exec-72] org.apache.catalina.core.ApplicationContext.log FiltroPrueba:DoAfterProcessing
27-Nov-2017 21:37:21.514 INFO [http-nio-8080-exec-68] org.apache.catalina.core.ApplicationContext.log FiltroPrueba:Initializing filter
27-Nov-2017 21:37:48.932 INFO [http-nio-8080-exec-63] org.apache.catalina.core.ApplicationContext.log FiltroPrueba:Initializing filter
27-Nov-2017 21:38:23.406 INFO [http-nio-8080-exec-72] org.apache.catalina.core.ApplicationContext.log FiltroPrueba:Initializing filter
27-Nov-2017 21:42:41.200 INFO [http-nio-8080-exec-83] org.apache.catalina.core.ApplicationContext.log FiltroPrueba:Initializing filter
27-Nov-2017 21:42:44.275 INFO [http-nio-8080-exec-85] org.apache.catalina.core.ApplicationContext.log FiltroPrueba:doFilter()
27-Nov-2017 21:42:44.276 INFO [http-nio-8080-exec-85] org.apache.catalina.core.ApplicationContext.log FiltroPrueba:DoBeforeProcessing
27-Nov-2017 21:42:45.827 INFO [http-nio-8080-exec-85] org.apache.catalina.core.ApplicationContext.log FiltroPrueba:DoAfterProcessing
27-Nov-2017 21:42:46.043 INFO [http-nio-8080-exec-86] org.apache.catalina.core.ApplicationContext.log FiltroPrueba:doFilter()
27-Nov-2017 21:42:46.043 INFO [http-nio-8080-exec-86] org.apache.catalina.core.ApplicationContext.log FiltroPrueba:DoBeforeProcessing
27-Nov-2017 21:42:46.044 INFO [http-nio-8080-exec-86] org.apache.catalina.core.ApplicationContext.log FiltroPrueba:DoAfterProcessing
27-Nov-2017 21:42:49.324 INFO [http-nio-8080-exec-80] org.apache.catalina.core.ApplicationContext.log FiltroPrueba:doFilter()
27-Nov-2017 21:42:49.325 INFO [http-nio-8080-exec-80] org.apache.catalina.core.ApplicationContext.log FiltroPrueba:DoBeforeProcessing
27-Nov-2017 21:42:49.718 INFO [http-nio-8080-exec-80] org.apache.catalina.core.ApplicationContext.log FiltroPrueba:DoAfterProcessing
27-Nov-2017 21:42:49.774 INFO [http-nio-8080-exec-88] org.apache.catalina.core.ApplicationContext.log FiltroPrueba:doFilter()
27-Nov-2017 21:42:49.774 INFO [http-nio-8080-exec-88] org.apache.catalina.core.ApplicationContext.log FiltroPrueba:DoBeforeProcessing
27-Nov-2017 21:42:49.777 INFO [http-nio-8080-exec-88] org.apache.catalina.core.ApplicationContext.log FiltroPrueba:DoAfterProcessing
27-Nov-2017 21:42:49.784 INFO [http-nio-8080-exec-76] org.apache.catalina.core.ApplicationContext.log FiltroPrueba:doFilter()
27-Nov-2017 21:42:49.784 INFO [http-nio-8080-exec-76] org.apache.catalina.core.ApplicationContext.log FiltroPrueba:DoBeforeProcessing
27-Nov-2017 21:42:49.787 INFO [http-nio-8080-exec-74] org.apache.catalina.core.ApplicationContext.log FiltroPrueba:doFilter()
27-Nov-2017 21:42:49.787 INFO [http-nio-8080-exec-74] org.apache.catalina.core.ApplicationContext.log FiltroPrueba:DoBeforeProcessing
27-Nov-2017 21:42:49.788 INFO [http-nio-8080-exec-74] org.apache.catalina.core.ApplicationContext.log FiltroPrueba:DoAfterProcessing
27-Nov-2017 21:42:49.790 INFO [http-nio-8080-exec-83] org.apache.catalina.core.ApplicationContext.log FiltroPrueba:doFilter()
27-Nov-2017 21:42:49.790 INFO [http-nio-8080-exec-83] org.apache.catalina.core.ApplicationContext.log FiltroPrueba:DoBeforeProcessing
27-Nov-2017 21:42:49.790 INFO [http-nio-8080-exec-83] org.apache.catalina.core.ApplicationContext.log FiltroPrueba:DoAfterProcessing
27-Nov-2017 21:42:49.811 INFO [http-nio-8080-exec-76] org.apache.catalina.core.ApplicationContext.log FiltroPrueba:DoAfterProcessing
27-Nov-2017 21:43:13.072 INFO [http-nio-8080-exec-85] org.apache.catalina.core.ApplicationContext.log FiltroPrueba:doFilter()
27-Nov-2017 21:43:13.072 INFO [http-nio-8080-exec-85] org.apache.catalina.core.ApplicationContext.log FiltroPrueba:DoBeforeProcessing
27-Nov-2017 21:43:15.449 INFO [http-nio-8080-exec-85] org.apache.catalina.core.ApplicationContext.log FiltroPrueba:DoAfterProcessing
27-Nov-2017 21:43:15.504 INFO [http-nio-8080-exec-86] org.apache.catalina.core.ApplicationContext.log FiltroPrueba:doFilter()
27-Nov-2017 21:43:15.504 INFO [http-nio-8080-exec-86] org.apache.catalina.core.ApplicationContext.log FiltroPrueba:DoBeforeProcessing
27-Nov-2017 21:43:15.505 INFO [http-nio-8080-exec-86] org.apache.catalina.core.ApplicationContext.log FiltroPrueba:DoAfterProcessing
27-Nov-2017 21:43:15.507 INFO [http-nio-8080-exec-87] org.apache.catalina.core.ApplicationContext.log FiltroPrueba:doFilter()
27-Nov-2017 21:43:15.507 INFO [http-nio-8080-exec-87] org.apache.catalina.core.ApplicationContext.log FiltroPrueba:DoBeforeProcessing
27-Nov-2017 21:43:15.507 INFO [http-nio-8080-exec-87] org.apache.catalina.core.ApplicationContext.log FiltroPrueba:DoAfterProcessing
27-Nov-2017 21:43:15.509 INFO [http-nio-8080-exec-89] org.apache.catalina.core.ApplicationContext.log FiltroPrueba:doFilter()
27-Nov-2017 21:43:15.510 INFO [http-nio-8080-exec-89] org.apache.catalina.core.ApplicationContext.log FiltroPrueba:DoBeforeProcessing
27-Nov-2017 21:43:15.510 INFO [http-nio-8080-exec-89] org.apache.catalina.core.ApplicationContext.log FiltroPrueba:DoAfterProcessing
27-Nov-2017 21:43:15.514 INFO [http-nio-8080-exec-88] org.apache.catalina.core.ApplicationContext.log FiltroPrueba:doFilter()
27-Nov-2017 21:43:15.514 INFO [http-nio-8080-exec-88] org.apache.catalina.core.ApplicationContext.log FiltroPrueba:DoBeforeProcessing
27-Nov-2017 21:43:15.515 INFO [http-nio-8080-exec-88] org.apache.catalina.core.ApplicationContext.log FiltroPrueba:DoAfterProcessing
27-Nov-2017 21:43:20.899 INFO [http-nio-8080-exec-76] org.apache.catalina.core.ApplicationContext.log FiltroPrueba:doFilter()
27-Nov-2017 21:43:20.899 INFO [http-nio-8080-exec-76] org.apache.catalina.core.ApplicationContext.log FiltroPrueba:DoBeforeProcessing
27-Nov-2017 21:43:21.226 INFO [http-nio-8080-exec-76] org.apache.catalina.core.ApplicationContext.log FiltroPrueba:DoAfterProcessing
27-Nov-2017 21:43:21.291 INFO [http-nio-8080-exec-74] org.apache.catalina.core.ApplicationContext.log FiltroPrueba:doFilter()
27-Nov-2017 21:43:21.291 INFO [http-nio-8080-exec-74] org.apache.catalina.core.ApplicationContext.log FiltroPrueba:DoBeforeProcessing
27-Nov-2017 21:43:21.291 INFO [http-nio-8080-exec-74] org.apache.catalina.core.ApplicationContext.log FiltroPrueba:DoAfterProcessing
27-Nov-2017 21:43:24.249 INFO [http-nio-8080-exec-83] org.apache.catalina.core.ApplicationContext.log FiltroPrueba:doFilter()
27-Nov-2017 21:43:24.250 INFO [http-nio-8080-exec-83] org.apache.catalina.core.ApplicationContext.log FiltroPrueba:DoBeforeProcessing
27-Nov-2017 21:43:24.388 INFO [http-nio-8080-exec-83] org.apache.catalina.core.ApplicationContext.log FiltroPrueba:DoAfterProcessing
27-Nov-2017 21:43:29.099 INFO [http-nio-8080-exec-84] org.apache.catalina.core.ApplicationContext.log FiltroPrueba:doFilter()
27-Nov-2017 21:43:29.099 INFO [http-nio-8080-exec-84] org.apache.catalina.core.ApplicationContext.log FiltroPrueba:DoBeforeProcessing
27-Nov-2017 21:43:29.596 INFO [http-nio-8080-exec-84] org.apache.catalina.core.ApplicationContext.log FiltroPrueba:DoAfterProcessing
27-Nov-2017 21:43:29.717 INFO [http-nio-8080-exec-82] org.apache.catalina.core.ApplicationContext.log FiltroPrueba:doFilter()
27-Nov-2017 21:43:29.717 INFO [http-nio-8080-exec-82] org.apache.catalina.core.ApplicationContext.log FiltroPrueba:DoBeforeProcessing
27-Nov-2017 21:43:29.717 INFO [http-nio-8080-exec-82] org.apache.catalina.core.ApplicationContext.log FiltroPrueba:DoAfterProcessing
27-Nov-2017 21:43:34.119 INFO [http-nio-8080-exec-85] org.apache.catalina.core.ApplicationContext.log FiltroPrueba:doFilter()
27-Nov-2017 21:43:34.119 INFO [http-nio-8080-exec-85] org.apache.catalina.core.ApplicationContext.log FiltroPrueba:DoBeforeProcessing
27-Nov-2017 21:43:34.260 INFO [http-nio-8080-exec-85] org.apache.catalina.core.ApplicationContext.log FiltroPrueba:DoAfterProcessing
27-Nov-2017 21:43:42.132 INFO [http-nio-8080-exec-87] org.apache.catalina.core.ApplicationContext.log FiltroPrueba:doFilter()
27-Nov-2017 21:43:42.132 INFO [http-nio-8080-exec-87] org.apache.catalina.core.ApplicationContext.log FiltroPrueba:DoBeforeProcessing
27-Nov-2017 21:43:42.554 INFO [http-nio-8080-exec-87] org.apache.catalina.core.ApplicationContext.log FiltroPrueba:DoAfterProcessing
27-Nov-2017 21:43:42.661 INFO [http-nio-8080-exec-86] org.apache.catalina.core.ApplicationContext.log FiltroPrueba:doFilter()
27-Nov-2017 21:43:42.661 INFO [http-nio-8080-exec-86] org.apache.catalina.core.ApplicationContext.log FiltroPrueba:DoBeforeProcessing
27-Nov-2017 21:43:42.662 INFO [http-nio-8080-exec-86] org.apache.catalina.core.ApplicationContext.log FiltroPrueba:DoAfterProcessing
27-Nov-2017 21:43:42.667 INFO [http-nio-8080-exec-89] org.apache.catalina.core.ApplicationContext.log FiltroPrueba:doFilter()
27-Nov-2017 21:43:42.667 INFO [http-nio-8080-exec-89] org.apache.catalina.core.ApplicationContext.log FiltroPrueba:DoBeforeProcessing
27-Nov-2017 21:43:42.667 INFO [http-nio-8080-exec-89] org.apache.catalina.core.ApplicationContext.log FiltroPrueba:DoAfterProcessing
27-Nov-2017 21:43:42.669 INFO [http-nio-8080-exec-88] org.apache.catalina.core.ApplicationContext.log FiltroPrueba:doFilter()
27-Nov-2017 21:43:42.669 INFO [http-nio-8080-exec-88] org.apache.catalina.core.ApplicationContext.log FiltroPrueba:DoBeforeProcessing
27-Nov-2017 21:43:42.669 INFO [http-nio-8080-exec-88] org.apache.catalina.core.ApplicationContext.log FiltroPrueba:DoAfterProcessing
27-Nov-2017 21:43:42.669 INFO [http-nio-8080-exec-90] org.apache.catalina.core.ApplicationContext.log FiltroPrueba:doFilter()
27-Nov-2017 21:43:42.671 INFO [http-nio-8080-exec-90] org.apache.catalina.core.ApplicationContext.log FiltroPrueba:DoBeforeProcessing
27-Nov-2017 21:43:42.671 INFO [http-nio-8080-exec-90] org.apache.catalina.core.ApplicationContext.log FiltroPrueba:DoAfterProcessing
27-Nov-2017 21:43:47.860 INFO [http-nio-8080-exec-84] org.apache.catalina.core.ApplicationContext.log FiltroPrueba:doFilter()
27-Nov-2017 21:43:47.860 INFO [http-nio-8080-exec-84] org.apache.catalina.core.ApplicationContext.log FiltroPrueba:DoBeforeProcessing
27-Nov-2017 21:43:48.103 INFO [http-nio-8080-exec-84] org.apache.catalina.core.ApplicationContext.log FiltroPrueba:DoAfterProcessing
27-Nov-2017 21:43:48.188 INFO [http-nio-8080-exec-82] org.apache.catalina.core.ApplicationContext.log FiltroPrueba:doFilter()
27-Nov-2017 21:43:48.188 INFO [http-nio-8080-exec-82] org.apache.catalina.core.ApplicationContext.log FiltroPrueba:DoBeforeProcessing
27-Nov-2017 21:43:48.188 INFO [http-nio-8080-exec-82] org.apache.catalina.core.ApplicationContext.log FiltroPrueba:DoAfterProcessing
27-Nov-2017 21:43:53.357 INFO [http-nio-8080-exec-87] org.apache.catalina.core.ApplicationContext.log FiltroPrueba:doFilter()
27-Nov-2017 21:43:53.357 INFO [http-nio-8080-exec-87] org.apache.catalina.core.ApplicationContext.log FiltroPrueba:DoBeforeProcessing
27-Nov-2017 21:43:53.874 INFO [http-nio-8080-exec-87] org.apache.catalina.core.ApplicationContext.log FiltroPrueba:DoAfterProcessing
27-Nov-2017 21:56:36.198 INFO [http-nio-8080-exec-102] org.apache.catalina.core.ApplicationContext.log FiltroPrueba:Initializing filter
27-Nov-2017 21:57:23.813 INFO [http-nio-8080-exec-88] org.apache.catalina.core.ApplicationContext.log FiltroPrueba:Initializing filter
27-Nov-2017 21:57:27.979 INFO [http-nio-8080-exec-104] org.apache.catalina.core.ApplicationContext.log FiltroPrueba:Initializing filter
27-Nov-2017 21:58:19.226 INFO [http-nio-8080-exec-108] org.apache.catalina.core.ApplicationContext.log FiltroPrueba:Initializing filter
27-Nov-2017 22:14:52.747 INFO [http-nio-8080-exec-113] org.apache.catalina.core.ApplicationContext.log FiltroPrueba:Initializing filter
27-Nov-2017 22:14:59.943 INFO [http-nio-8080-exec-118] org.apache.catalina.core.ApplicationContext.log FiltroPrueba:doFilter()
27-Nov-2017 22:14:59.943 INFO [http-nio-8080-exec-118] org.apache.catalina.core.ApplicationContext.log FiltroPrueba:DoBeforeProcessing
27-Nov-2017 22:15:01.232 INFO [http-nio-8080-exec-118] org.apache.catalina.core.ApplicationContext.log FiltroPrueba:DoAfterProcessing
27-Nov-2017 22:15:01.950 INFO [http-nio-8080-exec-115] org.apache.catalina.core.ApplicationContext.log FiltroPrueba:doFilter()
27-Nov-2017 22:15:01.950 INFO [http-nio-8080-exec-115] org.apache.catalina.core.ApplicationContext.log FiltroPrueba:DoBeforeProcessing
27-Nov-2017 22:15:01.950 INFO [http-nio-8080-exec-115] org.apache.catalina.core.ApplicationContext.log FiltroPrueba:DoAfterProcessing
27-Nov-2017 22:23:48.919 INFO [http-nio-8080-exec-130] org.apache.catalina.core.ApplicationContext.log FiltroPrueba:Initializing filter
27-Nov-2017 22:27:34.990 INFO [http-nio-8080-exec-124] org.apache.catalina.core.ApplicationContext.log FiltroPrueba:Initializing filter
27-Nov-2017 22:29:45.259 INFO [http-nio-8080-exec-137] org.apache.catalina.core.ApplicationContext.log FiltroPrueba:Initializing filter
27-Nov-2017 22:29:49.756 INFO [http-nio-8080-exec-133] org.apache.catalina.core.ApplicationContext.log FiltroPrueba:Initializing filter
27-Nov-2017 22:30:57.646 INFO [http-nio-8080-exec-134] org.apache.catalina.core.ApplicationContext.log FiltroPrueba:Initializing filter
27-Nov-2017 22:31:20.532 INFO [http-nio-8080-exec-153] org.apache.catalina.core.ApplicationContext.log FiltroPrueba:Initializing filter
27-Nov-2017 22:31:28.467 INFO [http-nio-8080-exec-157] org.apache.catalina.core.ApplicationContext.log FiltroPrueba:Initializing filter
27-Nov-2017 22:31:32.156 INFO [http-nio-8080-exec-152] org.apache.catalina.core.ApplicationContext.log FiltroPrueba:Initializing filter
27-Nov-2017 22:32:27.191 INFO [http-nio-8080-exec-158] org.apache.catalina.core.ApplicationContext.log FiltroPrueba:Initializing filter
27-Nov-2017 22:33:52.622 INFO [http-nio-8080-exec-166] org.apache.catalina.core.ApplicationContext.log FiltroPrueba:Initializing filter
27-Nov-2017 22:33:55.141 INFO [http-nio-8080-exec-155] org.apache.catalina.core.ApplicationContext.log FiltroPrueba:Initializing filter
27-Nov-2017 23:11:33.168 INFO [http-nio-8080-exec-170] org.apache.catalina.core.ApplicationContext.log FiltroPrueba:Initializing filter
27-Nov-2017 23:11:40.353 INFO [http-nio-8080-exec-173] org.apache.catalina.core.ApplicationContext.log FiltroPrueba:doFilter()
27-Nov-2017 23:11:40.368 INFO [http-nio-8080-exec-173] org.apache.catalina.core.ApplicationContext.log FiltroPrueba:DoBeforeProcessing
27-Nov-2017 23:11:48.615 INFO [http-nio-8080-exec-173] org.apache.catalina.core.ApplicationContext.log FiltroPrueba:DoAfterProcessing
27-Nov-2017 23:11:49.117 INFO [http-nio-8080-exec-176] org.apache.catalina.core.ApplicationContext.log FiltroPrueba:doFilter()
27-Nov-2017 23:11:49.117 INFO [http-nio-8080-exec-176] org.apache.catalina.core.ApplicationContext.log FiltroPrueba:DoBeforeProcessing
27-Nov-2017 23:11:49.117 INFO [http-nio-8080-exec-176] org.apache.catalina.core.ApplicationContext.log FiltroPrueba:DoAfterProcessing
27-Nov-2017 23:13:32.241 INFO [http-nio-8080-exec-171] org.apache.catalina.core.ApplicationContext.log FiltroPrueba:Initializing filter
27-Nov-2017 23:14:36.375 INFO [http-nio-8080-exec-175] org.apache.catalina.core.ApplicationContext.log FiltroPrueba:Initializing filter
27-Nov-2017 23:14:56.987 INFO [http-nio-8080-exec-193] org.apache.catalina.core.ApplicationContext.log FiltroPrueba:Initializing filter
27-Nov-2017 23:17:21.395 INFO [localhost-startStop-2] org.apache.catalina.core.ApplicationContext.log SessionListener: contextDestroyed()
27-Nov-2017 23:17:21.395 INFO [localhost-startStop-2] org.apache.catalina.core.ApplicationContext.log ContextListener: contextDestroyed()
27-Nov-2017 23:19:44.192 INFO [localhost-startStop-1] org.apache.catalina.core.ApplicationContext.log FiltroPrueba:Initializing filter
27-Nov-2017 23:19:45.500 INFO [localhost-startStop-1] org.apache.catalina.core.ApplicationContext.log ContextListener: contextInitialized()
27-Nov-2017 23:19:45.501 INFO [localhost-startStop-1] org.apache.catalina.core.ApplicationContext.log SessionListener: contextInitialized()
27-Nov-2017 23:22:52.614 INFO [http-nio-8080-exec-5] org.apache.catalina.core.ApplicationContext.log FiltroPrueba:Initializing filter
27-Nov-2017 23:22:55.713 INFO [http-nio-8080-exec-4] org.apache.catalina.core.ApplicationContext.log FiltroPrueba:doFilter()
27-Nov-2017 23:22:55.715 INFO [http-nio-8080-exec-4] org.apache.catalina.core.ApplicationContext.log FiltroPrueba:DoBeforeProcessing
27-Nov-2017 23:22:56.513 SEVERE [http-nio-8080-exec-4] org.apache.catalina.core.ApplicationDispatcher.invoke Servlet.service() for servlet jsp threw exception
 java.net.ConnectException: Connection refused (Connection refused)
	at java.net.PlainSocketImpl.socketConnect(Native Method)
	at java.net.AbstractPlainSocketImpl.doConnect(AbstractPlainSocketImpl.java:350)
	at java.net.AbstractPlainSocketImpl.connectToAddress(AbstractPlainSocketImpl.java:206)
	at java.net.AbstractPlainSocketImpl.connect(AbstractPlainSocketImpl.java:188)
	at java.net.SocksSocketImpl.connect(SocksSocketImpl.java:392)
	at java.net.Socket.connect(Socket.java:589)
	at java.net.Socket.connect(Socket.java:538)
	at sun.net.NetworkClient.doConnect(NetworkClient.java:180)
	at sun.net.www.http.HttpClient.openServer(HttpClient.java:463)
	at sun.net.www.http.HttpClient.openServer(HttpClient.java:558)
	at sun.net.www.http.HttpClient.<init>(HttpClient.java:242)
	at sun.net.www.http.HttpClient.New(HttpClient.java:339)
	at sun.net.www.http.HttpClient.New(HttpClient.java:357)
	at sun.net.www.protocol.http.HttpURLConnection.getNewHttpClient(HttpURLConnection.java:1220)
	at sun.net.www.protocol.http.HttpURLConnection.plainConnect0(HttpURLConnection.java:1156)
	at sun.net.www.protocol.http.HttpURLConnection.plainConnect(HttpURLConnection.java:1050)
	at sun.net.www.protocol.http.HttpURLConnection.connect(HttpURLConnection.java:984)
	at sun.net.www.protocol.http.HttpURLConnection.getInputStream0(HttpURLConnection.java:1564)
	at sun.net.www.protocol.http.HttpURLConnection.getInputStream(HttpURLConnection.java:1492)
	at java.net.URL.openStream(URL.java:1045)
	at com.sun.xml.internal.ws.wsdl.parser.RuntimeWSDLParser.createReader(RuntimeWSDLParser.java:984)
	at com.sun.xml.internal.ws.wsdl.parser.RuntimeWSDLParser.resolveWSDL(RuntimeWSDLParser.java:385)
	at com.sun.xml.internal.ws.wsdl.parser.RuntimeWSDLParser.parse(RuntimeWSDLParser.java:216)
	at com.sun.xml.internal.ws.wsdl.parser.RuntimeWSDLParser.parse(RuntimeWSDLParser.java:194)
	at com.sun.xml.internal.ws.wsdl.parser.RuntimeWSDLParser.parse(RuntimeWSDLParser.java:163)
	at com.sun.xml.internal.ws.client.WSServiceDelegate.parseWSDL(WSServiceDelegate.java:348)
	at com.sun.xml.internal.ws.client.WSServiceDelegate.<init>(WSServiceDelegate.java:306)
	at com.sun.xml.internal.ws.client.WSServiceDelegate.<init>(WSServiceDelegate.java:215)
	at com.sun.xml.internal.ws.client.WSServiceDelegate.<init>(WSServiceDelegate.java:196)
	at com.sun.xml.internal.ws.client.WSServiceDelegate.<init>(WSServiceDelegate.java:192)
	at com.sun.xml.internal.ws.spi.ProviderImpl.createServiceDelegate(ProviderImpl.java:104)
	at javax.xml.ws.Service.<init>(Service.java:77)
	at edu.tecnopotify.interfaces.ControladorService.<init>(ControladorService.java:42)
	at Webservices.ControladorWeb.<init>(ControladorWeb.java:27)
	at org.apache.jsp.templates.header_jsp._jspService(header_jsp.java:132)
	at org.apache.jasper.runtime.HttpJspBase.service(HttpJspBase.java:70)
	at javax.servlet.http.HttpServlet.service(HttpServlet.java:729)
	at org.apache.jasper.servlet.JspServletWrapper.service(JspServletWrapper.java:438)
	at org.apache.jasper.servlet.JspServlet.serviceJspFile(JspServlet.java:396)
	at org.apache.jasper.servlet.JspServlet.service(JspServlet.java:340)
	at javax.servlet.http.HttpServlet.service(HttpServlet.java:729)
	at org.apache.catalina.core.ApplicationFilterChain.internalDoFilter(ApplicationFilterChain.java:292)
	at org.apache.catalina.core.ApplicationFilterChain.doFilter(ApplicationFilterChain.java:207)
	at org.apache.catalina.core.ApplicationDispatcher.invoke(ApplicationDispatcher.java:716)
	at org.apache.catalina.core.ApplicationDispatcher.doInclude(ApplicationDispatcher.java:584)
	at org.apache.catalina.core.ApplicationDispatcher.include(ApplicationDispatcher.java:523)
	at org.apache.jasper.runtime.JspRuntimeLibrary.include(JspRuntimeLibrary.java:885)
	at org.apache.jsp.ppal_jsp._jspService(ppal_jsp.java:150)
	at org.apache.jasper.runtime.HttpJspBase.service(HttpJspBase.java:70)
	at javax.servlet.http.HttpServlet.service(HttpServlet.java:729)
	at org.apache.jasper.servlet.JspServletWrapper.service(JspServletWrapper.java:438)
	at org.apache.jasper.servlet.JspServlet.serviceJspFile(JspServlet.java:396)
	at org.apache.jasper.servlet.JspServlet.service(JspServlet.java:340)
	at javax.servlet.http.HttpServlet.service(HttpServlet.java:729)
	at org.apache.catalina.core.ApplicationFilterChain.internalDoFilter(ApplicationFilterChain.java:292)
	at org.apache.catalina.core.ApplicationFilterChain.doFilter(ApplicationFilterChain.java:207)
	at org.apache.tomcat.websocket.server.WsFilter.doFilter(WsFilter.java:52)
	at org.apache.catalina.core.ApplicationFilterChain.internalDoFilter(ApplicationFilterChain.java:240)
	at org.apache.catalina.core.ApplicationFilterChain.doFilter(ApplicationFilterChain.java:207)
	at Filtros.FiltroPrueba.doFilter(FiltroPrueba.java:110)
	at org.apache.catalina.core.ApplicationFilterChain.internalDoFilter(ApplicationFilterChain.java:240)
	at org.apache.catalina.core.ApplicationFilterChain.doFilter(ApplicationFilterChain.java:207)
	at org.apache.catalina.core.StandardWrapperValve.invoke(StandardWrapperValve.java:212)
	at org.apache.catalina.core.StandardContextValve.invoke(StandardContextValve.java:94)
	at org.apache.catalina.authenticator.AuthenticatorBase.invoke(AuthenticatorBase.java:504)
	at org.apache.catalina.core.StandardHostValve.invoke(StandardHostValve.java:141)
	at org.apache.catalina.valves.ErrorReportValve.invoke(ErrorReportValve.java:79)
	at org.apache.catalina.valves.AbstractAccessLogValve.invoke(AbstractAccessLogValve.java:620)
	at org.apache.catalina.core.StandardEngineValve.invoke(StandardEngineValve.java:88)
	at org.apache.catalina.connector.CoyoteAdapter.service(CoyoteAdapter.java:502)
	at org.apache.coyote.http11.AbstractHttp11Processor.process(AbstractHttp11Processor.java:1132)
	at org.apache.coyote.AbstractProtocol$AbstractConnectionHandler.process(AbstractProtocol.java:684)
	at org.apache.tomcat.util.net.NioEndpoint$SocketProcessor.doRun(NioEndpoint.java:1539)
	at org.apache.tomcat.util.net.NioEndpoint$SocketProcessor.run(NioEndpoint.java:1495)
	at java.util.concurrent.ThreadPoolExecutor.runWorker(ThreadPoolExecutor.java:1149)
	at java.util.concurrent.ThreadPoolExecutor$Worker.run(ThreadPoolExecutor.java:624)
	at org.apache.tomcat.util.threads.TaskThread$WrappingRunnable.run(TaskThread.java:61)
	at java.lang.Thread.run(Thread.java:748)

27-Nov-2017 23:22:56.538 INFO [http-nio-8080-exec-4] org.apache.catalina.core.ApplicationContext.log FiltroPrueba:DoAfterProcessing
27-Nov-2017 23:22:56.539 SEVERE [http-nio-8080-exec-4] org.apache.catalina.core.StandardWrapperValve.invoke Servlet.service() for servlet [jsp] in context with path [/Tecnopotify] threw exception [org.apache.jasper.JasperException: javax.xml.ws.WebServiceException: Failed to access the WSDL at: http://localhost:2425/Tecnopotify?wsdl. It failed with: 
	Connection refused (Connection refused).] with root cause
 java.net.ConnectException: Connection refused (Connection refused)
	at java.net.PlainSocketImpl.socketConnect(Native Method)
	at java.net.AbstractPlainSocketImpl.doConnect(AbstractPlainSocketImpl.java:350)
	at java.net.AbstractPlainSocketImpl.connectToAddress(AbstractPlainSocketImpl.java:206)
	at java.net.AbstractPlainSocketImpl.connect(AbstractPlainSocketImpl.java:188)
	at java.net.SocksSocketImpl.connect(SocksSocketImpl.java:392)
	at java.net.Socket.connect(Socket.java:589)
	at java.net.Socket.connect(Socket.java:538)
	at sun.net.NetworkClient.doConnect(NetworkClient.java:180)
	at sun.net.www.http.HttpClient.openServer(HttpClient.java:463)
	at sun.net.www.http.HttpClient.openServer(HttpClient.java:558)
	at sun.net.www.http.HttpClient.<init>(HttpClient.java:242)
	at sun.net.www.http.HttpClient.New(HttpClient.java:339)
	at sun.net.www.http.HttpClient.New(HttpClient.java:357)
	at sun.net.www.protocol.http.HttpURLConnection.getNewHttpClient(HttpURLConnection.java:1220)
	at sun.net.www.protocol.http.HttpURLConnection.plainConnect0(HttpURLConnection.java:1156)
	at sun.net.www.protocol.http.HttpURLConnection.plainConnect(HttpURLConnection.java:1050)
	at sun.net.www.protocol.http.HttpURLConnection.connect(HttpURLConnection.java:984)
	at sun.net.www.protocol.http.HttpURLConnection.getInputStream0(HttpURLConnection.java:1564)
	at sun.net.www.protocol.http.HttpURLConnection.getInputStream(HttpURLConnection.java:1492)
	at java.net.URL.openStream(URL.java:1045)
	at com.sun.xml.internal.ws.wsdl.parser.RuntimeWSDLParser.createReader(RuntimeWSDLParser.java:984)
	at com.sun.xml.internal.ws.wsdl.parser.RuntimeWSDLParser.resolveWSDL(RuntimeWSDLParser.java:385)
	at com.sun.xml.internal.ws.wsdl.parser.RuntimeWSDLParser.parse(RuntimeWSDLParser.java:216)
	at com.sun.xml.internal.ws.wsdl.parser.RuntimeWSDLParser.parse(RuntimeWSDLParser.java:194)
	at com.sun.xml.internal.ws.wsdl.parser.RuntimeWSDLParser.parse(RuntimeWSDLParser.java:163)
	at com.sun.xml.internal.ws.client.WSServiceDelegate.parseWSDL(WSServiceDelegate.java:348)
	at com.sun.xml.internal.ws.client.WSServiceDelegate.<init>(WSServiceDelegate.java:306)
	at com.sun.xml.internal.ws.client.WSServiceDelegate.<init>(WSServiceDelegate.java:215)
	at com.sun.xml.internal.ws.client.WSServiceDelegate.<init>(WSServiceDelegate.java:196)
	at com.sun.xml.internal.ws.client.WSServiceDelegate.<init>(WSServiceDelegate.java:192)
	at com.sun.xml.internal.ws.spi.ProviderImpl.createServiceDelegate(ProviderImpl.java:104)
	at javax.xml.ws.Service.<init>(Service.java:77)
	at edu.tecnopotify.interfaces.ControladorService.<init>(ControladorService.java:42)
	at Webservices.ControladorWeb.<init>(ControladorWeb.java:27)
	at org.apache.jsp.templates.header_jsp._jspService(header_jsp.java:132)
	at org.apache.jasper.runtime.HttpJspBase.service(HttpJspBase.java:70)
	at javax.servlet.http.HttpServlet.service(HttpServlet.java:729)
	at org.apache.jasper.servlet.JspServletWrapper.service(JspServletWrapper.java:438)
	at org.apache.jasper.servlet.JspServlet.serviceJspFile(JspServlet.java:396)
	at org.apache.jasper.servlet.JspServlet.service(JspServlet.java:340)
	at javax.servlet.http.HttpServlet.service(HttpServlet.java:729)
	at org.apache.catalina.core.ApplicationFilterChain.internalDoFilter(ApplicationFilterChain.java:292)
	at org.apache.catalina.core.ApplicationFilterChain.doFilter(ApplicationFilterChain.java:207)
	at org.apache.catalina.core.ApplicationDispatcher.invoke(ApplicationDispatcher.java:716)
	at org.apache.catalina.core.ApplicationDispatcher.doInclude(ApplicationDispatcher.java:584)
	at org.apache.catalina.core.ApplicationDispatcher.include(ApplicationDispatcher.java:523)
	at org.apache.jasper.runtime.JspRuntimeLibrary.include(JspRuntimeLibrary.java:885)
	at org.apache.jsp.ppal_jsp._jspService(ppal_jsp.java:150)
	at org.apache.jasper.runtime.HttpJspBase.service(HttpJspBase.java:70)
	at javax.servlet.http.HttpServlet.service(HttpServlet.java:729)
	at org.apache.jasper.servlet.JspServletWrapper.service(JspServletWrapper.java:438)
	at org.apache.jasper.servlet.JspServlet.serviceJspFile(JspServlet.java:396)
	at org.apache.jasper.servlet.JspServlet.service(JspServlet.java:340)
	at javax.servlet.http.HttpServlet.service(HttpServlet.java:729)
	at org.apache.catalina.core.ApplicationFilterChain.internalDoFilter(ApplicationFilterChain.java:292)
	at org.apache.catalina.core.ApplicationFilterChain.doFilter(ApplicationFilterChain.java:207)
	at org.apache.tomcat.websocket.server.WsFilter.doFilter(WsFilter.java:52)
	at org.apache.catalina.core.ApplicationFilterChain.internalDoFilter(ApplicationFilterChain.java:240)
	at org.apache.catalina.core.ApplicationFilterChain.doFilter(ApplicationFilterChain.java:207)
	at Filtros.FiltroPrueba.doFilter(FiltroPrueba.java:110)
	at org.apache.catalina.core.ApplicationFilterChain.internalDoFilter(ApplicationFilterChain.java:240)
	at org.apache.catalina.core.ApplicationFilterChain.doFilter(ApplicationFilterChain.java:207)
	at org.apache.catalina.core.StandardWrapperValve.invoke(StandardWrapperValve.java:212)
	at org.apache.catalina.core.StandardContextValve.invoke(StandardContextValve.java:94)
	at org.apache.catalina.authenticator.AuthenticatorBase.invoke(AuthenticatorBase.java:504)
	at org.apache.catalina.core.StandardHostValve.invoke(StandardHostValve.java:141)
	at org.apache.catalina.valves.ErrorReportValve.invoke(ErrorReportValve.java:79)
	at org.apache.catalina.valves.AbstractAccessLogValve.invoke(AbstractAccessLogValve.java:620)
	at org.apache.catalina.core.StandardEngineValve.invoke(StandardEngineValve.java:88)
	at org.apache.catalina.connector.CoyoteAdapter.service(CoyoteAdapter.java:502)
	at org.apache.coyote.http11.AbstractHttp11Processor.process(AbstractHttp11Processor.java:1132)
	at org.apache.coyote.AbstractProtocol$AbstractConnectionHandler.process(AbstractProtocol.java:684)
	at org.apache.tomcat.util.net.NioEndpoint$SocketProcessor.doRun(NioEndpoint.java:1539)
	at org.apache.tomcat.util.net.NioEndpoint$SocketProcessor.run(NioEndpoint.java:1495)
	at java.util.concurrent.ThreadPoolExecutor.runWorker(ThreadPoolExecutor.java:1149)
	at java.util.concurrent.ThreadPoolExecutor$Worker.run(ThreadPoolExecutor.java:624)
	at org.apache.tomcat.util.threads.TaskThread$WrappingRunnable.run(TaskThread.java:61)
	at java.lang.Thread.run(Thread.java:748)

27-Nov-2017 23:24:07.127 INFO [http-nio-8080-exec-12] org.apache.catalina.core.ApplicationContext.log FiltroPrueba:doFilter()
27-Nov-2017 23:24:07.127 INFO [http-nio-8080-exec-12] org.apache.catalina.core.ApplicationContext.log FiltroPrueba:DoBeforeProcessing
27-Nov-2017 23:24:09.493 INFO [http-nio-8080-exec-12] org.apache.catalina.core.ApplicationContext.log FiltroPrueba:DoAfterProcessing
27-Nov-2017 23:24:09.596 INFO [http-nio-8080-exec-13] org.apache.catalina.core.ApplicationContext.log FiltroPrueba:doFilter()
27-Nov-2017 23:24:09.596 INFO [http-nio-8080-exec-13] org.apache.catalina.core.ApplicationContext.log FiltroPrueba:DoBeforeProcessing
27-Nov-2017 23:24:09.596 INFO [http-nio-8080-exec-13] org.apache.catalina.core.ApplicationContext.log FiltroPrueba:DoAfterProcessing
27-Nov-2017 23:25:14.955 INFO [http-nio-8080-exec-14] org.apache.catalina.core.ApplicationContext.log FiltroPrueba:doFilter()
27-Nov-2017 23:25:14.955 INFO [http-nio-8080-exec-14] org.apache.catalina.core.ApplicationContext.log FiltroPrueba:DoBeforeProcessing
27-Nov-2017 23:25:17.558 INFO [http-nio-8080-exec-14] org.apache.catalina.core.ApplicationContext.log FiltroPrueba:DoAfterProcessing
27-Nov-2017 23:25:17.831 INFO [http-nio-8080-exec-15] org.apache.catalina.core.ApplicationContext.log FiltroPrueba:doFilter()
27-Nov-2017 23:25:17.831 INFO [http-nio-8080-exec-15] org.apache.catalina.core.ApplicationContext.log FiltroPrueba:DoBeforeProcessing
27-Nov-2017 23:25:17.837 INFO [http-nio-8080-exec-15] org.apache.catalina.core.ApplicationContext.log FiltroPrueba:DoAfterProcessing
27-Nov-2017 23:25:18.102 INFO [http-nio-8080-exec-11] org.apache.catalina.core.ApplicationContext.log FiltroPrueba:doFilter()
27-Nov-2017 23:25:18.102 INFO [http-nio-8080-exec-11] org.apache.catalina.core.ApplicationContext.log FiltroPrueba:DoBeforeProcessing
27-Nov-2017 23:25:18.103 INFO [http-nio-8080-exec-11] org.apache.catalina.core.ApplicationContext.log FiltroPrueba:DoAfterProcessing
27-Nov-2017 23:25:18.112 INFO [http-nio-8080-exec-12] org.apache.catalina.core.ApplicationContext.log FiltroPrueba:doFilter()
27-Nov-2017 23:25:18.112 INFO [http-nio-8080-exec-12] org.apache.catalina.core.ApplicationContext.log FiltroPrueba:DoBeforeProcessing
27-Nov-2017 23:25:18.113 INFO [http-nio-8080-exec-12] org.apache.catalina.core.ApplicationContext.log FiltroPrueba:DoAfterProcessing
27-Nov-2017 23:25:18.127 INFO [http-nio-8080-exec-13] org.apache.catalina.core.ApplicationContext.log FiltroPrueba:doFilter()
27-Nov-2017 23:25:18.127 INFO [http-nio-8080-exec-13] org.apache.catalina.core.ApplicationContext.log FiltroPrueba:DoBeforeProcessing
27-Nov-2017 23:25:18.128 INFO [http-nio-8080-exec-13] org.apache.catalina.core.ApplicationContext.log FiltroPrueba:DoAfterProcessing
27-Nov-2017 23:40:50.203 INFO [http-nio-8080-exec-13] org.apache.catalina.core.ApplicationContext.log FiltroPrueba:Initializing filter
27-Nov-2017 23:41:00.964 INFO [http-nio-8080-exec-14] org.apache.catalina.core.ApplicationContext.log FiltroPrueba:Initializing filter
27-Nov-2017 23:41:18.234 INFO [http-nio-8080-exec-22] org.apache.catalina.core.ApplicationContext.log FiltroPrueba:Initializing filter
27-Nov-2017 23:41:25.097 INFO [http-nio-8080-exec-24] org.apache.catalina.core.ApplicationContext.log FiltroPrueba:Initializing filter
27-Nov-2017 23:55:38.080 INFO [http-nio-8080-exec-36] org.apache.catalina.core.ApplicationContext.log FiltroPrueba:Initializing filter
27-Nov-2017 23:58:45.839 INFO [http-nio-8080-exec-31] org.apache.catalina.core.ApplicationContext.log FiltroPrueba:Initializing filter
